        -:    0:Source:src/backend/api/handlers/inventory_handler.c
        -:    0:Graph:C:\Users\yagiz\Desktop\Project\smart-maintenance-suite\build_backend_tests\test_api-inventory_handler.gcno
        -:    0:Data:-
        -:    0:Runs:0
        -:    1:#include "inventory_handler.h"
        -:    2:#include "../../database/api_handlers.h"
        -:    3:#include <string.h>
        -:    4:#include <stdlib.h>
        -:    5:
function handle_inventory_request called 0 returned 0% blocks executed 0%
    #####:    6:void handle_inventory_request(HttpRequest *req, HttpResponse *res) {
    #####:    7:  if (strcmp(req->method, "GET") == 0) {
branch  0 never executed (fallthrough)
branch  1 never executed
    #####:    8:    char *json = serialize_inventory_to_json();
call    0 never executed
    #####:    9:    res->status_code = 200;
    #####:   10:    strcpy(res->content_type, "application/json");
    #####:   11:    strncpy(res->body, json, 8191);
    #####:   12:    free(json);
        -:   13:  } else {
    #####:   14:    res->status_code = 405; // Method Not Allowed
    #####:   15:    strcpy(res->body, "{\"error\": \"Method not supported for inventory\"}");
        -:   16:  }
    #####:   17:}
