        -:    0:Source:src/backend/api/handlers/inventory_handler.c
        -:    0:Graph:C:\Users\yagiz\Desktop\Project\smart-maintenance-suite\build_backend_tests\test_api-inventory_handler.gcno
        -:    0:Data:C:\Users\yagiz\Desktop\Project\smart-maintenance-suite\build_backend_tests\test_api-inventory_handler.gcda
        -:    0:Runs:1
        -:    1:#include "inventory_handler.h"
        -:    2:#include "../../database/api_handlers.h"
        -:    3:#include "../../database/cJSON.h"
        -:    4:#include <string.h>
        -:    5:#include <stdlib.h>
        -:    6:#include <stdio.h>
        -:    7:
function serialize_inventory_to_json called 0 returned 0% blocks executed 0%
    #####:    8:char *serialize_inventory_to_json(void) {
    #####:    9:  cJSON *root = cJSON_CreateObject();
call    0 never executed
    #####:   10:  cJSON *item_array = cJSON_CreateArray();
call    0 never executed
    #####:   11:  cJSON *item1 = cJSON_CreateObject();
call    0 never executed
    #####:   12:  cJSON_AddNumberToObject(item1, "id", 1);
call    0 never executed
    #####:   13:  cJSON_AddStringToObject(item1, "name", "Motor Oil");
call    0 never executed
    #####:   14:  cJSON_AddNumberToObject(item1, "quantity", 25);
call    0 never executed
    #####:   15:  cJSON_AddItemToArray(item_array, item1);
call    0 never executed
    #####:   16:  cJSON_AddItemToObject(root, "inventory", item_array);
call    0 never executed
    #####:   17:  char *json = cJSON_Print(root);
call    0 never executed
    #####:   18:  cJSON_Delete(root);
call    0 never executed
    #####:   19:  return json;
        -:   20:}
        -:   21:
function handle_inventory_request called 0 returned 0% blocks executed 0%
    #####:   22:void handle_inventory_request(HttpRequest *req, HttpResponse *res) {
    #####:   23:  if (strcmp(req->method, "GET") == 0) {
branch  0 never executed (fallthrough)
branch  1 never executed
    #####:   24:    char *json = serialize_inventory_to_json();
call    0 never executed
    #####:   25:    res->status_code = 200;
    #####:   26:    strcpy(res->content_type, "application/json");
    #####:   27:    strncpy(res->body, json, 8191);
    #####:   28:    free(json);
        -:   29:  } else {
    #####:   30:    res->status_code = 405; // Method Not Allowed
    #####:   31:    strcpy(res->body, "{\"error\": \"Method not supported for inventory\"}");
        -:   32:  }
    #####:   33:}
