        -:    0:Source:src/backend/api/handlers/machine_handler.c
        -:    0:Graph:C:\Users\yagiz\Desktop\Project\smart-maintenance-suite\build_backend_tests\test_api-machine_handler.gcno
        -:    0:Data:-
        -:    0:Runs:0
        -:    1:#include "machine_handler.h"
        -:    2:#include "../../database/api_handlers.h"
        -:    3:#include "../../database/machine_service.h"
        -:    4:#include <string.h>
        -:    5:#include <stdlib.h>
        -:    6:#include <stdio.h>
        -:    7:
function handle_machine_request called 0 returned 0% blocks executed 0%
    #####:    8:void handle_machine_request(HttpRequest *req, HttpResponse *res) {
    #####:    9:  if (strcmp(req->method, "GET") == 0) {
branch  0 never executed (fallthrough)
branch  1 never executed
    #####:   10:    char *json = serialize_machines_to_json();
call    0 never executed
    #####:   11:    res->status_code = 200;
    #####:   12:    strcpy(res->content_type, "application/json");
    #####:   13:    strncpy(res->body, json, 8191);
    #####:   14:    free(json);
    #####:   15:  } else if (strcmp(req->method, "POST") == 0) {
branch  0 never executed (fallthrough)
branch  1 never executed
        -:   16:    // Simple mock for onboarding since we need more robust JSON parsing for real POST
        -:   17:    // In a real scenario, we'd parse req->body here
    #####:   18:    res->status_code = 201;
    #####:   19:    strcpy(res->body, "{\"success\": true, \"message\": \"Machine onboarded\"}");
        -:   20:  }
    #####:   21:}
