        -:    0:Source:src/backend/api/handlers/maintenance_handler.c
        -:    0:Graph:C:\Users\yagiz\Desktop\Project\smart-maintenance-suite\build_backend_tests\test_api-maintenance_handler.gcno
        -:    0:Data:-
        -:    0:Runs:0
        -:    1:#include "maintenance_handler.h"
        -:    2:#include "../../database/api_handlers.h"
        -:    3:#include <string.h>
        -:    4:#include <stdlib.h>
        -:    5:
function handle_maintenance_request called 0 returned 0% blocks executed 0%
    #####:    6:void handle_maintenance_request(HttpRequest *req, HttpResponse *res) {
    #####:    7:  if (strcmp(req->method, "GET") == 0) {
branch  0 never executed (fallthrough)
branch  1 never executed
    #####:    8:    char *json = serialize_maintenance_to_json();
call    0 never executed
    #####:    9:    res->status_code = 200;
    #####:   10:    strcpy(res->content_type, "application/json");
    #####:   11:    strncpy(res->body, json, 8191);
    #####:   12:    free(json);
        -:   13:  } else {
    #####:   14:    res->status_code = 405;
    #####:   15:    strcpy(res->body, "{\"error\": \"Only GET supported for maintenance via modular API currently\"}");
        -:   16:  }
    #####:   17:}
