        -:    0:Source:src/backend/api/handlers/maintenance_handler.c
        -:    0:Graph:C:\Users\yagiz\Desktop\Project\smart-maintenance-suite\build_backend_tests\test_api-maintenance_handler.gcno
        -:    0:Data:C:\Users\yagiz\Desktop\Project\smart-maintenance-suite\build_backend_tests\test_api-maintenance_handler.gcda
        -:    0:Runs:1
        -:    1:#include "maintenance_handler.h"
        -:    2:#include "../../database/api_handlers.h"
        -:    3:#include <string.h>
        -:    4:#include <stdlib.h>
        -:    5:#include <stdio.h>
        -:    6:#include "../../database/cJSON.h"
        -:    7:
function serialize_maintenance_to_json called 0 returned 0% blocks executed 0%
    #####:    8:char *serialize_maintenance_to_json(void) {
    #####:    9:  cJSON *root = cJSON_CreateObject();
call    0 never executed
    #####:   10:  cJSON *log_array = cJSON_CreateArray();
call    0 never executed
    #####:   11:  cJSON *log1 = cJSON_CreateObject();
call    0 never executed
    #####:   12:  cJSON_AddNumberToObject(log1, "id", 1);
call    0 never executed
    #####:   13:  cJSON_AddNumberToObject(log1, "machine_id", 1);
call    0 never executed
    #####:   14:  cJSON_AddStringToObject(log1, "description", "Routine oil change");
call    0 never executed
    #####:   15:  cJSON_AddStringToObject(log1, "status", "completed");
call    0 never executed
    #####:   16:  cJSON_AddItemToArray(log_array, log1);
call    0 never executed
    #####:   17:  cJSON_AddItemToObject(root, "maintenance_logs", log_array);
call    0 never executed
    #####:   18:  char *json = cJSON_Print(root);
call    0 never executed
    #####:   19:  cJSON_Delete(root);
call    0 never executed
    #####:   20:  return json;
        -:   21:}
        -:   22:
function handle_maintenance_request called 0 returned 0% blocks executed 0%
    #####:   23:void handle_maintenance_request(HttpRequest *req, HttpResponse *res) {
    #####:   24:  if (strcmp(req->method, "GET") == 0) {
branch  0 never executed (fallthrough)
branch  1 never executed
    #####:   25:    char *json = serialize_maintenance_to_json();
call    0 never executed
    #####:   26:    res->status_code = 200;
    #####:   27:    strcpy(res->content_type, "application/json");
    #####:   28:    strncpy(res->body, json, 8191);
    #####:   29:    free(json);
        -:   30:  } else {
    #####:   31:    res->status_code = 405;
    #####:   32:    strcpy(res->body, "{\"error\": \"Only GET supported for maintenance via modular API currently\"}");
        -:   33:  }
    #####:   34:}
