        -:    0:Source:src/backend/security/rbac.c
        -:    0:Graph:C:\Users\yagiz\Desktop\Project\smart-maintenance-suite\build_backend_tests\test_rbac-rbac.gcno
        -:    0:Data:C:\Users\yagiz\Desktop\Project\smart-maintenance-suite\build_backend_tests\test_rbac-rbac.gcda
        -:    0:Runs:1
        -:    1:#include "rbac.h"
        -:    2:#include <string.h>
        -:    3:
function string_to_role called 5 returned 100% blocks executed 100%
        5:    4:UserRole string_to_role(const char *role_str) {
        5:    5:  if (role_str == NULL) return ROLE_UNKNOWN;
branch  0 taken 1 (fallthrough)
branch  1 taken 4
        -:    6:
        4:    7:  if (strcmp(role_str, "admin") == 0) return ROLE_ADMIN;
branch  0 taken 1 (fallthrough)
branch  1 taken 3
        -:    8:
        3:    9:  if (strcmp(role_str, "teknisyen") == 0) return ROLE_TEKNISYEN;
branch  0 taken 1 (fallthrough)
branch  1 taken 2
        -:   10:
        2:   11:  if (strcmp(role_str, "operator") == 0) return ROLE_OPERATOR;
branch  0 taken 1 (fallthrough)
branch  1 taken 1
        -:   12:
        1:   13:  return ROLE_UNKNOWN;
        -:   14:}
        -:   15:
function can_delete_assets called 3 returned 100% blocks executed 100%
        3:   16:int can_delete_assets(UserRole role) {
        3:   17:  return (role == ROLE_ADMIN);
        -:   18:}
        -:   19:
function can_onboard_assets called 3 returned 100% blocks executed 100%
        3:   20:int can_onboard_assets(UserRole role) {
        3:   21:  return (role == ROLE_ADMIN || role == ROLE_TEKNISYEN);
branch  0 taken 2 (fallthrough)
branch  1 taken 1
branch  2 taken 1 (fallthrough)
branch  3 taken 1
        -:   22:}
        -:   23:
function can_view_system called 4 returned 100% blocks executed 100%
        4:   24:int can_view_system(UserRole role) {
        4:   25:  return (role != ROLE_UNKNOWN);
        -:   26:}
