        -:    0:Source:src/backend/api/handlers/report_handler.c
        -:    0:Graph:C:\Users\yagiz\Desktop\Project\smart-maintenance-suite\build_backend_tests\test_api-report_handler.gcno
        -:    0:Data:C:\Users\yagiz\Desktop\Project\smart-maintenance-suite\build_backend_tests\test_api-report_handler.gcda
        -:    0:Runs:1
        -:    1:#include "report_handler.h"
        -:    2:#include "../../database/cJSON.h"
        -:    3:#include <string.h>
        -:    4:#include <stdlib.h>
        -:    5:#include <stdio.h>
        -:    6:
function generate_maintenance_xml_report called 0 returned 0% blocks executed 0%
    #####:    7:char *generate_maintenance_xml_report(void) {
    #####:    8:  char *xml = (char *)malloc(512);
    #####:    9:  strcpy(xml, "<?xml version=\"1.0\"?><report><maintenance><log>Maintenance Report - All equipment running normally</log></maintenance></report>");
    #####:   10:  return xml;
        -:   11:}
        -:   12:
function generate_inventory_xml_report called 0 returned 0% blocks executed 0%
    #####:   13:char *generate_inventory_xml_report(void) {
    #####:   14:  char *xml = (char *)malloc(512);
    #####:   15:  strcpy(xml, "<?xml version=\"1.0\"?><report><inventory><item>Inventory Report - Stock levels normal</item></inventory></report>");
    #####:   16:  return xml;
        -:   17:}
        -:   18:
function handle_report_request called 0 returned 0% blocks executed 0%
    #####:   19:void handle_report_request(HttpRequest *req, HttpResponse *res) {
        -:   20:  char *xml;
        -:   21:
    #####:   22:  if (strstr(req->path, "maintenance")) {
branch  0 never executed (fallthrough)
branch  1 never executed
    #####:   23:    xml = generate_maintenance_xml_report();
call    0 never executed
        -:   24:  } else {
    #####:   25:    xml = generate_inventory_xml_report();
call    0 never executed
        -:   26:  }
        -:   27:
    #####:   28:  res->status_code = 200;
    #####:   29:  strcpy(res->content_type, "application/xml");
    #####:   30:  strncpy(res->body, xml, 8191);
    #####:   31:  res->body[8191] = '\0';
    #####:   32:  free(xml);
    #####:   33:}
