        -:    0:Source:src/backend/api/handlers/report_handler.c
        -:    0:Graph:C:\Users\yagiz\Desktop\Project\smart-maintenance-suite\build_backend_tests\test_api-report_handler.gcno
        -:    0:Data:-
        -:    0:Runs:0
        -:    1:#include "report_handler.h"
        -:    2:#include "../../database/report_service.h"
        -:    3:#include <string.h>
        -:    4:#include <stdlib.h>
        -:    5:
function handle_report_request called 0 returned 0% blocks executed 0%
    #####:    6:void handle_report_request(HttpRequest *req, HttpResponse *res) {
    #####:    7:  if (strstr(req->path, "/maintenance/xml")) {
branch  0 never executed (fallthrough)
branch  1 never executed
    #####:    8:    char *data = generate_maintenance_xml_report();
call    0 never executed
    #####:    9:    res->status_code = 200;
    #####:   10:    strcpy(res->content_type, "application/xml");
    #####:   11:    strncpy(res->body, data, 8191);
    #####:   12:    free(data);
    #####:   13:  } else if (strstr(req->path, "/inventory/xml")) {
branch  0 never executed (fallthrough)
branch  1 never executed
    #####:   14:    char *data = generate_inventory_xml_report();
call    0 never executed
    #####:   15:    res->status_code = 200;
    #####:   16:    strcpy(res->content_type, "application/xml");
    #####:   17:    strncpy(res->body, data, 8191);
    #####:   18:    free(data);
        -:   19:  } else {
    #####:   20:    res->status_code = 404;
    #####:   21:    strcpy(res->body, "{\"error\": \"Report type not found\"}");
        -:   22:  }
    #####:   23:}
