        -:    0:Source:C:/msys64/mingw64/include/stdio.h
        -:    0:Graph:build_backend_tests/test_stack-test_stack.gcno
        -:    0:Data:build_backend_tests/test_stack-test_stack.gcda
        -:    0:Runs:1
        -:    1:/**
        -:    2: * This file has no copyright assigned and is placed in the Public Domain.
        -:    3: * This file is part of the mingw-w64 runtime package.
        -:    4: * No warranty is given; refer to the file DISCLAIMER.PD within this package.
        -:    5: */
        -:    6:#ifndef _INC_STDIO
        -:    7:#define _INC_STDIO
        -:    8:
        -:    9:#include <corecrt_stdio_config.h>
        -:   10:
        -:   11:#pragma pack(push,_CRT_PACKING)
        -:   12:
        -:   13:#pragma push_macro("snprintf")
        -:   14:#undef snprintf
        -:   15:#pragma push_macro("vsnprintf")
        -:   16:#undef vsnprintf
        -:   17:#pragma push_macro("snwprintf")
        -:   18:#undef snwprintf
        -:   19:#pragma push_macro("vsnwprintf")
        -:   20:#undef vsnwprintf
        -:   21:
        -:   22:#ifdef __cplusplus
        -:   23:extern "C" {
        -:   24:#endif
        -:   25:
        -:   26:#define BUFSIZ 512
        -:   27:#define _NFILE _NSTREAM_
        -:   28:#define _NSTREAM_ 512
        -:   29:#define _IOB_ENTRIES 20
        -:   30:#define EOF (-1)
        -:   31:
        -:   32:#ifndef _FILE_DEFINED
        -:   33:  struct _iobuf {
        -:   34:#ifdef _UCRT
        -:   35:    void *_Placeholder;
        -:   36:#else
        -:   37:    char *_ptr;
        -:   38:    int _cnt;
        -:   39:    char *_base;
        -:   40:    int _flag;
        -:   41:    int _file;
        -:   42:    int _charbuf;
        -:   43:    int _bufsiz;
        -:   44:    char *_tmpfname;
        -:   45:#endif
        -:   46:  };
        -:   47:  typedef struct _iobuf FILE;
        -:   48:#define _FILE_DEFINED
        -:   49:#endif
        -:   50:
        -:   51:#ifdef _POSIX_
        -:   52:#define _P_tmpdir "/"
        -:   53:#define _wP_tmpdir L"/"
        -:   54:#else
        -:   55:#define _P_tmpdir "\\"
        -:   56:#define _wP_tmpdir L"\\"
        -:   57:#endif
        -:   58:
        -:   59:#ifdef _UCRT
        -:   60:#define L_tmpnam 260
        -:   61:#else
        -:   62:#define L_tmpnam (sizeof(_P_tmpdir) + 12)
        -:   63:#endif
        -:   64:
        -:   65:#ifdef _POSIX_
        -:   66:#define L_ctermid 9
        -:   67:#define L_cuserid 32
        -:   68:#endif
        -:   69:
        -:   70:#define SEEK_CUR 1
        -:   71:#define SEEK_END 2
        -:   72:#define SEEK_SET 0
        -:   73:
        -:   74:#define	STDIN_FILENO	0
        -:   75:#define	STDOUT_FILENO	1
        -:   76:#define	STDERR_FILENO	2
        -:   77:
        -:   78:#define FILENAME_MAX 260
        -:   79:#define FOPEN_MAX 20
        -:   80:#define _SYS_OPEN 20
        -:   81:#ifdef _UCRT
        -:   82:#define TMP_MAX 2147483647
        -:   83:#else
        -:   84:#define TMP_MAX 32767
        -:   85:#endif
        -:   86:
        -:   87:#ifndef NULL
        -:   88:#ifdef __cplusplus
        -:   89:#ifndef _WIN64
        -:   90:#define NULL 0
        -:   91:#else
        -:   92:#define NULL 0LL
        -:   93:#endif  /* W64 */
        -:   94:#else
        -:   95:#define NULL ((void *)0)
        -:   96:#endif
        -:   97:#endif
        -:   98:
        -:   99:#include <_mingw_off_t.h>
        -:  100:
        -:  101:_CRTIMP FILE *__cdecl __acrt_iob_func(unsigned index);
        -:  102:#ifndef _STDIO_DEFINED
        -:  103:  _CRTIMP FILE *__cdecl __iob_func(void);
        -:  104:#define _iob __iob_func()
        -:  105:#endif
        -:  106:
        -:  107:#ifndef _FPOS_T_DEFINED
        -:  108:#define _FPOS_T_DEFINED
        -:  109:#undef _FPOSOFF
        -:  110:
        -:  111:#if (!defined(NO_OLDNAMES) || defined(__GNUC__))
        -:  112:  __MINGW_EXTENSION typedef __int64 fpos_t;
        -:  113:#define _FPOSOFF(fp) ((long)(fp))
        -:  114:#else
        -:  115:  __MINGW_EXTENSION typedef long long fpos_t;
        -:  116:#define _FPOSOFF(fp) ((long)(fp))
        -:  117:#endif
        -:  118:
        -:  119:#endif
        -:  120:
        -:  121:#ifndef _STDSTREAM_DEFINED
        -:  122:#define _STDSTREAM_DEFINED
        -:  123:
        -:  124:#define stdin (__acrt_iob_func(0))
        -:  125:#define stdout (__acrt_iob_func(1))
        -:  126:#define stderr (__acrt_iob_func(2))
        -:  127:#endif
        -:  128:
        -:  129:#define _IOFBF 0x0000
        -:  130:#define _IOLBF 0x0040
        -:  131:#define _IONBF 0x0004
        -:  132:
        -:  133:#ifndef _UCRT
        -:  134:#define _IOREAD 0x0001
        -:  135:#define _IOWRT 0x0002
        -:  136:#define _IOMYBUF 0x0008
        -:  137:#define _IOEOF 0x0010
        -:  138:#define _IOERR 0x0020
        -:  139:#define _IOSTRG 0x0040
        -:  140:#define _IORW 0x0080
        -:  141:#ifdef _POSIX_
        -:  142:#define _IOAPPEND 0x0200
        -:  143:#endif
        -:  144:#endif
        -:  145:
        -:  146:/* used with _set_output_format which is not present in ucrt */
        -:  147:#ifndef _UCRT
        -:  148:#define _TWO_DIGIT_EXPONENT 0x1
        -:  149:#endif
        -:  150:
        -:  151:#if __MINGW_FORTIFY_LEVEL > 0
        -:  152:__mingw_bos_declare;
        -:  153:#endif
        -:  154:
        -:  155:#ifndef _STDIO_DEFINED
        -:  156:extern
        -:  157:  __MINGW_GNU_SCANF(2, 3) __MINGW_ATTRIB_NONNULL(2)
        -:  158:  int __cdecl __mingw_sscanf(const char * __restrict__ _Src,const char * __restrict__ _Format,...);
        -:  159:extern
        -:  160:  __MINGW_GNU_SCANF(2, 0) __MINGW_ATTRIB_NONNULL(2)
        -:  161:  int __cdecl __mingw_vsscanf (const char * __restrict__ _Str,const char * __restrict__ Format,va_list argp);
        -:  162:extern
        -:  163:  __MINGW_GNU_SCANF(1, 2) __MINGW_ATTRIB_NONNULL(1)
        -:  164:  int __cdecl __mingw_scanf(const char * __restrict__ _Format,...);
        -:  165:extern
        -:  166:  __MINGW_GNU_SCANF(1, 0) __MINGW_ATTRIB_NONNULL(1)
        -:  167:  int __cdecl __mingw_vscanf(const char * __restrict__ Format, va_list argp);
        -:  168:extern
        -:  169:  __MINGW_GNU_SCANF(2, 3) __MINGW_ATTRIB_NONNULL(2)
        -:  170:  int __cdecl __mingw_fscanf(FILE * __restrict__ _File,const char * __restrict__ _Format,...);
        -:  171:extern
        -:  172:  __MINGW_GNU_SCANF(2, 0) __MINGW_ATTRIB_NONNULL(2)
        -:  173:  int __cdecl __mingw_vfscanf (FILE * __restrict__ fp, const char * __restrict__ Format,va_list argp);
        -:  174:
        -:  175:extern
        -:  176:  __MINGW_GNU_PRINTF(3, 0) __MINGW_ATTRIB_NONNULL(3)
        -:  177:  int __cdecl __mingw_vsnprintf(char * __restrict__ _DstBuf,size_t _MaxCount,const char * __restrict__ _Format,
        -:  178:                               va_list _ArgList);
        -:  179:extern
        -:  180:  __MINGW_GNU_PRINTF(3, 4) __MINGW_ATTRIB_NONNULL(3)
        -:  181:  int __cdecl __mingw_snprintf(char * __restrict__ s, size_t n, const char * __restrict__  format, ...);
        -:  182:extern
        -:  183:  __MINGW_GNU_PRINTF(1, 2) __MINGW_ATTRIB_NONNULL(1)
        -:  184:  int __cdecl __mingw_printf(const char * __restrict__ , ... ) __MINGW_NOTHROW;
        -:  185:extern
        -:  186:  __MINGW_GNU_PRINTF(1, 0) __MINGW_ATTRIB_NONNULL(1)
        -:  187:  int __cdecl __mingw_vprintf (const char * __restrict__ , va_list) __MINGW_NOTHROW;
        -:  188:extern
        -:  189:  __MINGW_GNU_PRINTF(2, 3) __MINGW_ATTRIB_NONNULL(2)
        -:  190:  int __cdecl __mingw_fprintf (FILE * __restrict__ , const char * __restrict__ , ...) __MINGW_NOTHROW;
        -:  191:extern
        -:  192:  __MINGW_GNU_PRINTF(2, 0) __MINGW_ATTRIB_NONNULL(2)
        -:  193:  int __cdecl __mingw_vfprintf (FILE * __restrict__ , const char * __restrict__ , va_list) __MINGW_NOTHROW;
        -:  194:extern
        -:  195:  __MINGW_GNU_PRINTF(2, 3) __MINGW_ATTRIB_NONNULL(2)
        -:  196:  int __cdecl __mingw_sprintf (char * __restrict__ , const char * __restrict__ , ...) __MINGW_NOTHROW;
        -:  197:extern
        -:  198:  __MINGW_GNU_PRINTF(2, 0) __MINGW_ATTRIB_NONNULL(2)
        -:  199:  int __cdecl __mingw_vsprintf (char * __restrict__ , const char * __restrict__ , va_list) __MINGW_NOTHROW;
        -:  200:extern
        -:  201:  __MINGW_GNU_PRINTF(2, 3) __attribute__((nonnull (1,2)))
        -:  202:  int __cdecl __mingw_asprintf(char ** __restrict__ , const char * __restrict__ , ...) __MINGW_NOTHROW;
        -:  203:extern
        -:  204:  __MINGW_GNU_PRINTF(2, 0) __attribute__((nonnull (1,2)))
        -:  205:  int __cdecl __mingw_vasprintf(char ** __restrict__ , const char * __restrict__ , va_list) __MINGW_NOTHROW;
        -:  206:
        -:  207:extern
        -:  208:  __MINGW_MS_SCANF(2, 3) __MINGW_ATTRIB_NONNULL(2)
        -:  209:  int __cdecl __ms_sscanf(const char * __restrict__ _Src,const char * __restrict__ _Format,...);
        -:  210:extern
        -:  211:  __MINGW_MS_SCANF(1, 2) __MINGW_ATTRIB_NONNULL(1)
        -:  212:  int __cdecl __ms_scanf(const char * __restrict__ _Format,...);
        -:  213:extern
        -:  214:  __MINGW_MS_SCANF(2, 3) __MINGW_ATTRIB_NONNULL(2)
        -:  215:  int __cdecl __ms_fscanf(FILE * __restrict__ _File,const char * __restrict__ _Format,...);
        -:  216:
        -:  217:extern
        -:  218:  __MINGW_MS_PRINTF(1, 2) __MINGW_ATTRIB_NONNULL(1)
        -:  219:  int __cdecl __ms_printf(const char * __restrict__ , ... ) __MINGW_NOTHROW;
        -:  220:extern
        -:  221:  __MINGW_MS_PRINTF(1, 0) __MINGW_ATTRIB_NONNULL(1)
        -:  222:  int __cdecl __ms_vprintf (const char * __restrict__ , va_list) __MINGW_NOTHROW;
        -:  223:extern
        -:  224:  __MINGW_MS_PRINTF(2, 3) __MINGW_ATTRIB_NONNULL(2)
        -:  225:  int __cdecl __ms_fprintf (FILE * __restrict__ , const char * __restrict__ , ...) __MINGW_NOTHROW;
        -:  226:extern
        -:  227:  __MINGW_MS_PRINTF(2, 0) __MINGW_ATTRIB_NONNULL(2)
        -:  228:  int __cdecl __ms_vfprintf (FILE * __restrict__ , const char * __restrict__ , va_list) __MINGW_NOTHROW;
        -:  229:extern
        -:  230:  __MINGW_MS_PRINTF(2, 3) __MINGW_ATTRIB_NONNULL(2)
        -:  231:  int __cdecl __ms_sprintf (char * __restrict__ , const char * __restrict__ , ...) __MINGW_NOTHROW;
        -:  232:extern
        -:  233:  __MINGW_MS_PRINTF(2, 0) __MINGW_ATTRIB_NONNULL(2)
        -:  234:  int __cdecl __ms_vsprintf (char * __restrict__ , const char * __restrict__ , va_list) __MINGW_NOTHROW;
        -:  235:
        -:  236:#ifdef _UCRT
        -:  237:  int __cdecl __stdio_common_vsprintf(unsigned __int64 options, char *str, size_t len, const char *format, _locale_t locale, va_list valist);
        -:  238:  int __cdecl __stdio_common_vfprintf(unsigned __int64 options, FILE *file, const char *format, _locale_t locale, va_list valist);
        -:  239:  int __cdecl __stdio_common_vsscanf(unsigned __int64 options, const char *input, size_t length, const char *format, _locale_t locale, va_list valist);
        -:  240:  int __cdecl __stdio_common_vfscanf(unsigned __int64 options, FILE *file, const char *format, _locale_t locale, va_list valist);
        -:  241:#endif
        -:  242:
        -:  243:#undef __MINGW_PRINTF_FORMAT
        -:  244:#undef __MINGW_SCANF_FORMAT
        -:  245:
        -:  246:#if defined(__clang__)
        -:  247:#define __MINGW_PRINTF_FORMAT __printf__
        -:  248:#define __MINGW_SCANF_FORMAT  __scanf__
        -:  249:#elif defined(_UCRT) || __USE_MINGW_ANSI_STDIO
        -:  250:#define __MINGW_PRINTF_FORMAT __gnu_printf__
        -:  251:#define __MINGW_SCANF_FORMAT  __gnu_scanf__
        -:  252:#else
        -:  253:#define __MINGW_PRINTF_FORMAT __ms_printf__
        -:  254:#define __MINGW_SCANF_FORMAT  __ms_scanf__
        -:  255:#endif
        -:  256:
        -:  257:#if __USE_MINGW_ANSI_STDIO && !defined(_CRTBLD)
        -:  258:/*
        -:  259: * User has expressed a preference for C99 conformance...
        -:  260: */
        -:  261:
        -:  262:#ifdef _GNU_SOURCE
        -:  263:__mingw_ovr
        -:  264:__MINGW_GNU_PRINTF(2, 3) __attribute__((nonnull (1,2)))
        -:  265:int asprintf(char **__ret, const char *__format, ...)
        -:  266:{
        -:  267:  int __retval;
        -:  268:  __builtin_va_list __local_argv; __builtin_va_start( __local_argv, __format );
        -:  269:  __retval = __mingw_vasprintf( __ret, __format, __local_argv );
        -:  270:  __builtin_va_end( __local_argv );
        -:  271:  return __retval;
        -:  272:}
        -:  273:
        -:  274:__mingw_ovr
        -:  275:__MINGW_GNU_PRINTF(2, 0) __attribute__((nonnull (1,2)))
        -:  276:int vasprintf(char **__ret, const char *__format, __builtin_va_list __local_argv)
        -:  277:{
        -:  278:  return __mingw_vasprintf( __ret, __format, __local_argv );
        -:  279:}
        -:  280:#endif /* _GNU_SOURCE */
        -:  281:
        -:  282:/* There seems to be a bug about builtins and static overrides of them
        -:  283:   in g++.  So we need to do here some trickery.  */
        -:  284:#ifdef __cplusplus
        -:  285:extern "C++" {
        -:  286:#endif
        -:  287:
        -:  288:__mingw_ovr
        -:  289:__MINGW_GNU_SCANF(2, 3) __MINGW_ATTRIB_NONNULL(2)
        -:  290:int sscanf(const char *__source, const char *__format, ...)
        -:  291:{
        -:  292:  int __retval;
        -:  293:  __builtin_va_list __local_argv; __builtin_va_start( __local_argv, __format );
        -:  294:  __retval = __mingw_vsscanf( __source, __format, __local_argv );
        -:  295:  __builtin_va_end( __local_argv );
        -:  296:  return __retval;
        -:  297:}
        -:  298:
        -:  299:__mingw_ovr
        -:  300:__MINGW_GNU_SCANF(1, 2) __MINGW_ATTRIB_NONNULL(1)
        -:  301:int scanf(const char *__format, ...)
        -:  302:{
        -:  303:  int __retval;
        -:  304:  __builtin_va_list __local_argv; __builtin_va_start( __local_argv, __format );
        -:  305:  __retval = __mingw_vfscanf( stdin, __format, __local_argv );
        -:  306:  __builtin_va_end( __local_argv );
        -:  307:  return __retval;
        -:  308:}
        -:  309:
        -:  310:__mingw_ovr
        -:  311:__MINGW_GNU_SCANF(2, 3) __MINGW_ATTRIB_NONNULL(2)
        -:  312:int fscanf(FILE *__stream, const char *__format, ...)
        -:  313:{
        -:  314:  int __retval;
        -:  315:  __builtin_va_list __local_argv; __builtin_va_start( __local_argv, __format );
        -:  316:  __retval = __mingw_vfscanf( __stream, __format, __local_argv );
        -:  317:  __builtin_va_end( __local_argv );
        -:  318:  return __retval;
        -:  319:}
        -:  320:
        -:  321:#ifndef __NO_ISOCEXT  /* externs in libmingwex.a */
        -:  322:#ifdef __GNUC__
        -:  323:#pragma GCC diagnostic push
        -:  324:#pragma GCC diagnostic ignored "-Wshadow"
        -:  325:#endif
        -:  326:
        -:  327:__mingw_ovr
        -:  328:__MINGW_GNU_SCANF(2, 0) __MINGW_ATTRIB_NONNULL(2)
        -:  329:int vsscanf (const char *__source, const char *__format, __builtin_va_list __local_argv)
        -:  330:{
        -:  331:  return __mingw_vsscanf( __source, __format, __local_argv );
        -:  332:}
        -:  333:
        -:  334:__mingw_ovr
        -:  335:__MINGW_GNU_SCANF(1, 0) __MINGW_ATTRIB_NONNULL(1)
        -:  336:int vscanf(const char *__format,  __builtin_va_list __local_argv)
        -:  337:{
        -:  338:  return __mingw_vfscanf( stdin, __format, __local_argv );
        -:  339:}
        -:  340:
        -:  341:__mingw_ovr
        -:  342:__MINGW_GNU_SCANF(2, 0) __MINGW_ATTRIB_NONNULL(2)
        -:  343:int vfscanf (FILE *__stream,  const char *__format, __builtin_va_list __local_argv)
        -:  344:{
        -:  345:  return __mingw_vfscanf( __stream, __format, __local_argv );
        -:  346:}
        -:  347:
        -:  348:#ifdef __GNUC__
        -:  349:#pragma GCC diagnostic pop
        -:  350:#endif
        -:  351:#endif /* __NO_ISOCEXT */
        -:  352:
        -:  353:
        -:  354:
        -:  355:__mingw_ovr
        -:  356:__MINGW_GNU_PRINTF(2, 3) __MINGW_ATTRIB_NONNULL(2)
        -:  357:int fprintf (FILE *__stream, const char *__format, ...)
        -:  358:{
        -:  359:  int __retval;
        -:  360:  __builtin_va_list __local_argv; __builtin_va_start( __local_argv, __format );
        -:  361:  __retval = __mingw_vfprintf( __stream, __format, __local_argv );
        -:  362:  __builtin_va_end( __local_argv );
        -:  363:  return __retval;
        -:  364:}
        -:  365:
        -:  366:__mingw_ovr
        -:  367:__MINGW_GNU_PRINTF(1, 2) __MINGW_ATTRIB_NONNULL(1)
function printf called 4 returned 100% blocks executed 100%
        4:  368:int printf (const char *__format, ...)
        -:  369:{
        -:  370:  int __retval;
        4:  371:  __builtin_va_list __local_argv; __builtin_va_start( __local_argv, __format );
        4:  372:  __retval = __mingw_vfprintf( stdout, __format, __local_argv );
call    0 returned 4
call    1 returned 4
        4:  373:  __builtin_va_end( __local_argv );
        4:  374:  return __retval;
        -:  375:}
        -:  376:
        -:  377:#if __MINGW_FORTIFY_VA_ARG
        -:  378:
        -:  379:int sprintf (char *__stream, const char *__format, ...) __MINGW_ASM_CALL(__mingw_sprintf);
        -:  380:
        -:  381:__mingw_bos_extern_ovr
        -:  382:__MINGW_GNU_PRINTF(2, 3) __MINGW_ATTRIB_NONNULL(2)
        -:  383:int sprintf (char *__stream, const char *__format, ...)
        -:  384:{
        -:  385:  if (__mingw_bos_known(__stream)) {
        -:  386:    int __retval = __mingw_snprintf( __stream, __mingw_bos(__stream, 1), __format, __builtin_va_arg_pack() );
        -:  387:    if (__retval >= 0)
        -:  388:      __mingw_bos_ptr_chk(__stream, (size_t)__retval + 1, 1);
        -:  389:    return __retval;
        -:  390:  }
        -:  391:  return __mingw_sprintf( __stream, __format, __builtin_va_arg_pack() );
        -:  392:}
        -:  393:
        -:  394:#else /* !__MINGW_FORTIFY_VA_ARG */
        -:  395:
        -:  396:__mingw_ovr
        -:  397:__MINGW_GNU_PRINTF(2, 3) __MINGW_ATTRIB_NONNULL(2)
        -:  398:int sprintf (char *__stream, const char *__format, ...)
        -:  399:{
        -:  400:  int __retval;
        -:  401:  __builtin_va_list __local_argv; __builtin_va_start( __local_argv, __format );
        -:  402:  __retval = __mingw_vsprintf( __stream, __format, __local_argv );
        -:  403:  __builtin_va_end( __local_argv );
        -:  404:  return __retval;
        -:  405:}
        -:  406:
        -:  407:#endif /* __MINGW_FORTIFY_VA_ARG */
        -:  408:
        -:  409:__mingw_ovr
        -:  410:__MINGW_GNU_PRINTF(2, 0) __MINGW_ATTRIB_NONNULL(2)
        -:  411:int vfprintf (FILE *__stream, const char *__format, __builtin_va_list __local_argv)
        -:  412:{
        -:  413:  return __mingw_vfprintf( __stream, __format, __local_argv );
        -:  414:}
        -:  415:
        -:  416:__mingw_ovr
        -:  417:__MINGW_GNU_PRINTF(1, 0) __MINGW_ATTRIB_NONNULL(1)
        -:  418:int vprintf (const char *__format, __builtin_va_list __local_argv)
        -:  419:{
        -:  420:  return __mingw_vfprintf( stdout, __format, __local_argv );
        -:  421:}
        -:  422:
        -:  423:__mingw_bos_ovr
        -:  424:__MINGW_GNU_PRINTF(2, 0) __MINGW_ATTRIB_NONNULL(2)
        -:  425:int vsprintf (char *__stream, const char *__format, __builtin_va_list __local_argv)
        -:  426:{
        -:  427:#if __MINGW_FORTIFY_LEVEL > 0
        -:  428:  if (__mingw_bos_known(__stream)) {
        -:  429:    int __retval = __mingw_vsnprintf( __stream, __mingw_bos(__stream, 1), __format, __local_argv );
        -:  430:    if (__retval >= 0)
        -:  431:      __mingw_bos_ptr_chk(__stream, (size_t)__retval + 1, 1);
        -:  432:    return __retval;
        -:  433:  }
        -:  434:#endif
        -:  435:  return __mingw_vsprintf( __stream, __format, __local_argv );
        -:  436:}
        -:  437:/* #ifndef __NO_ISOCEXT */  /* externs in libmingwex.a */
        -:  438:
        -:  439:#if __MINGW_FORTIFY_VA_ARG
        -:  440:
        -:  441:int snprintf (char *__stream, size_t __n, const char *__format, ...) __MINGW_ASM_CALL(__mingw_snprintf);
        -:  442:
        -:  443:__mingw_bos_extern_ovr
        -:  444:__MINGW_GNU_PRINTF(3, 4) __MINGW_ATTRIB_NONNULL(3)
        -:  445:int snprintf (char *__stream, size_t __n, const char *__format, ...)
        -:  446:{
        -:  447:  __mingw_bos_ptr_chk_warn(__stream, __n, 1);
        -:  448:  return __mingw_snprintf( __stream, __n, __format, __builtin_va_arg_pack() );
        -:  449:}
        -:  450:
        -:  451:#else /* !__MINGW_FORTIFY_VA_ARG */
        -:  452:
        -:  453:__mingw_ovr
        -:  454:__MINGW_GNU_PRINTF(3, 4) __MINGW_ATTRIB_NONNULL(3)
        -:  455:int snprintf (char *__stream, size_t __n, const char *__format, ...)
        -:  456:{
        -:  457:  int __retval;
        -:  458:  __builtin_va_list __local_argv; __builtin_va_start( __local_argv, __format );
        -:  459:  __retval = __mingw_vsnprintf( __stream, __n, __format, __local_argv );
        -:  460:  __builtin_va_end( __local_argv );
        -:  461:  return __retval;
        -:  462:}
        -:  463:
        -:  464:#endif /* __MINGW_FORTIFY_VA_ARG */
        -:  465:
        -:  466:__mingw_bos_ovr
        -:  467:__MINGW_GNU_PRINTF(3, 0) __MINGW_ATTRIB_NONNULL(3)
        -:  468:int vsnprintf (char *__stream, size_t __n, const char *__format, __builtin_va_list __local_argv)
        -:  469:{
        -:  470:#if __MINGW_FORTIFY_LEVEL > 0
        -:  471:  __mingw_bos_ptr_chk_warn(__stream, __n, 1);
        -:  472:#endif
        -:  473:  return __mingw_vsnprintf( __stream, __n, __format, __local_argv );
        -:  474:}
        -:  475:
        -:  476:/* Override __builtin_printf-routines ... Kludge for libstdc++ ...*/
        -:  477:#define __builtin_vsnprintf __mingw_vsnprintf
        -:  478:#define __builtin_vsprintf __mingw_vsprintf
        -:  479:
        -:  480:/* #endif */ /* __NO_ISOCEXT */
        -:  481:
        -:  482:#ifdef __cplusplus
        -:  483:}
        -:  484:#endif
        -:  485:
        -:  486:#else /* !__USE_MINGW_ANSI_STDIO */
        -:  487:
        -:  488:#undef __builtin_vsnprintf
        -:  489:#undef __builtin_vsprintf
        -:  490:
        -:  491:/*
        -:  492: * Default configuration: simply direct all calls to MSVCRT...
        -:  493: */
        -:  494:#ifdef _UCRT
        -:  495:#ifdef __GNUC__
        -:  496:#pragma GCC diagnostic push
        -:  497:#pragma GCC diagnostic ignored "-Wshadow"
        -:  498:#endif
        -:  499:  __attribute__((__format__ (__MINGW_PRINTF_FORMAT, 2, 3))) __MINGW_ATTRIB_NONNULL(2)
        -:  500:  int __cdecl fprintf(FILE * __restrict__ _File,const char * __restrict__ _Format,...);
        -:  501:  __attribute__((__format__ (__MINGW_PRINTF_FORMAT, 1, 2))) __MINGW_ATTRIB_NONNULL(1)
        -:  502:  int __cdecl printf(const char * __restrict__ _Format,...);
        -:  503:  __attribute__((__format__ (__MINGW_PRINTF_FORMAT, 2, 3))) __MINGW_ATTRIB_NONNULL(2)
        -:  504:  int __cdecl sprintf(char * __restrict__ _Dest,const char * __restrict__ _Format,...) __MINGW_ATTRIB_DEPRECATED_SEC_WARN;
        -:  505:
        -:  506:  __attribute__((__format__ (__MINGW_PRINTF_FORMAT, 2, 0))) __MINGW_ATTRIB_NONNULL(2)
        -:  507:  int __cdecl vfprintf(FILE * __restrict__ _File,const char * __restrict__ _Format,va_list _ArgList);
        -:  508:  __attribute__((__format__ (__MINGW_PRINTF_FORMAT, 1, 0))) __MINGW_ATTRIB_NONNULL(1)
        -:  509:  int __cdecl vprintf(const char * __restrict__ _Format,va_list _ArgList);
        -:  510:  __attribute__((__format__ (__MINGW_PRINTF_FORMAT, 2, 0))) __MINGW_ATTRIB_NONNULL(2)
        -:  511:  int __cdecl vsprintf(char * __restrict__ _Dest,const char * __restrict__ _Format,va_list _Args) __MINGW_ATTRIB_DEPRECATED_SEC_WARN;
        -:  512:
        -:  513:  __MINGW_ATTRIB_DEPRECATED_SEC_WARN
        -:  514:  __attribute__((__format__ (__MINGW_SCANF_FORMAT, 2, 3))) __MINGW_ATTRIB_NONNULL(2)
        -:  515:  int __cdecl fscanf(FILE * __restrict__ _File,const char * __restrict__ _Format,...);
        -:  516:  __MINGW_ATTRIB_DEPRECATED_SEC_WARN
        -:  517:  __attribute__((__format__ (__MINGW_SCANF_FORMAT, 1, 2))) __MINGW_ATTRIB_NONNULL(1)
        -:  518:  int __cdecl scanf(const char * __restrict__ _Format,...);
        -:  519:  __MINGW_ATTRIB_DEPRECATED_SEC_WARN
        -:  520:  __attribute__((__format__ (__MINGW_SCANF_FORMAT, 2, 3))) __MINGW_ATTRIB_NONNULL(2)
        -:  521:  int __cdecl sscanf(const char * __restrict__ _Src,const char * __restrict__ _Format,...);
        -:  522:#ifdef _GNU_SOURCE
        -:  523:  __attribute__ ((__format__ (__MINGW_PRINTF_FORMAT, 2, 0)))
        -:  524:  int __cdecl vasprintf(char ** __restrict__ _Ret,const char * __restrict__ _Format,va_list _Args);
        -:  525:  __attribute__ ((__format__ (__MINGW_PRINTF_FORMAT, 2, 3)))
        -:  526:  int __cdecl asprintf(char ** __restrict__ _Ret,const char * __restrict__ _Format,...);
        -:  527:#endif /*_GNU_SOURCE*/
        -:  528:
        -:  529:  __attribute__((__format__ (__MINGW_SCANF_FORMAT, 2, 0))) __MINGW_ATTRIB_NONNULL(2)
        -:  530:  int vfscanf (FILE *__stream,  const char *__format, __builtin_va_list __local_argv);
        -:  531:
        -:  532:  __attribute__((__format__ (__MINGW_SCANF_FORMAT, 2, 0))) __MINGW_ATTRIB_NONNULL(2)
        -:  533:  int vsscanf (const char * __restrict__ __source, const char * __restrict__ __format, __builtin_va_list __local_argv);
        -:  534:  __attribute__((__format__ (__MINGW_SCANF_FORMAT, 1, 0))) __MINGW_ATTRIB_NONNULL(1)
        -:  535:  int vscanf(const char *__format,  __builtin_va_list __local_argv);
        -:  536:
        -:  537:#ifdef __GNUC__
        -:  538:#pragma GCC diagnostic pop
        -:  539:#endif
        -:  540:
        -:  541:#else
        -:  542:  __MINGW_MS_PRINTF(2, 3) __MINGW_ATTRIB_NONNULL(2)
        -:  543:  int __cdecl fprintf(FILE * __restrict__ _File,const char * __restrict__ _Format,...);
        -:  544:  __MINGW_MS_PRINTF(1, 2) __MINGW_ATTRIB_NONNULL(1)
        -:  545:  int __cdecl printf(const char * __restrict__ _Format,...);
        -:  546:  __MINGW_MS_PRINTF(2, 3) __MINGW_ATTRIB_NONNULL(2)
        -:  547:  int __cdecl sprintf(char * __restrict__ _Dest,const char * __restrict__ _Format,...) __MINGW_ATTRIB_DEPRECATED_SEC_WARN;
        -:  548:
        -:  549:  __MINGW_MS_PRINTF(2, 0) __MINGW_ATTRIB_NONNULL(2)
        -:  550:  int __cdecl vfprintf(FILE * __restrict__ _File,const char * __restrict__ _Format,va_list _ArgList);
        -:  551:  __MINGW_MS_PRINTF(1, 0) __MINGW_ATTRIB_NONNULL(1)
        -:  552:  int __cdecl vprintf(const char * __restrict__ _Format,va_list _ArgList);
        -:  553:  __MINGW_MS_PRINTF(2, 0) __MINGW_ATTRIB_NONNULL(2)
        -:  554:  int __cdecl vsprintf(char * __restrict__ _Dest,const char * __restrict__ _Format,va_list _Args) __MINGW_ATTRIB_DEPRECATED_SEC_WARN;
        -:  555:
        -:  556:  __MINGW_MS_SCANF(2, 3) __MINGW_ATTRIB_NONNULL(2)
        -:  557:  int __cdecl fscanf(FILE * __restrict__ _File,const char * __restrict__ _Format,...) __MINGW_ATTRIB_DEPRECATED_SEC_WARN;
        -:  558:  __MINGW_MS_SCANF(1, 2) __MINGW_ATTRIB_NONNULL(1)
        -:  559:  int __cdecl scanf(const char * __restrict__ _Format,...) __MINGW_ATTRIB_DEPRECATED_SEC_WARN;
        -:  560:  __MINGW_MS_SCANF(2, 3) __MINGW_ATTRIB_NONNULL(2)
        -:  561:  int __cdecl sscanf(const char * __restrict__ _Src,const char * __restrict__ _Format,...) __MINGW_ATTRIB_DEPRECATED_SEC_WARN;
        -:  562:#ifdef _GNU_SOURCE
        -:  563:  int __cdecl vasprintf(char ** __restrict__ __ret,const char * __restrict__ __format,va_list __ap)  __attribute__ ((format (__MINGW_PRINTF_FORMAT, 2, 0)));
        -:  564:  int __cdecl asprintf(char ** __restrict__ __ret,const char * __restrict__ __format,...) __attribute__ ((format (__MINGW_PRINTF_FORMAT, 2, 3)));
        -:  565:#endif /*_GNU_SOURCE*/
        -:  566:#ifndef __NO_ISOCEXT  /* externs in libmingwex.a */
        -:  567:#ifdef __GNUC__
        -:  568:#pragma GCC diagnostic push
        -:  569:#pragma GCC diagnostic ignored "-Wshadow"
        -:  570:#endif
        -:  571:
        -:  572:  __MINGW_MS_SCANF(1, 0) __MINGW_ATTRIB_NONNULL(1)
        -:  573:  int __cdecl __ms_vscanf(const char * __restrict__ Format, va_list argp);
        -:  574:  __MINGW_MS_SCANF(2, 0) __MINGW_ATTRIB_NONNULL(2)
        -:  575:  int __cdecl __ms_vfscanf (FILE * __restrict__ fp, const char * __restrict__ Format,va_list argp);
        -:  576:  __MINGW_MS_SCANF(2, 0) __MINGW_ATTRIB_NONNULL(2)
        -:  577:  int __cdecl __ms_vsscanf (const char * __restrict__ _Str,const char * __restrict__ Format,va_list argp);
        -:  578:
        -:  579:  __mingw_ovr
        -:  580:  __MINGW_MS_SCANF(2, 0) __MINGW_ATTRIB_NONNULL(2)
        -:  581:  int vfscanf (FILE *__stream,  const char *__format, __builtin_va_list __local_argv)
        -:  582:  {
        -:  583:    return __ms_vfscanf (__stream, __format, __local_argv);
        -:  584:  }
        -:  585:
        -:  586:  __mingw_ovr
        -:  587:  __MINGW_MS_SCANF(2, 0) __MINGW_ATTRIB_NONNULL(2)
        -:  588:  int vsscanf (const char * __restrict__ __source, const char * __restrict__ __format, __builtin_va_list __local_argv)
        -:  589:  {
        -:  590:    return __ms_vsscanf( __source, __format, __local_argv );
        -:  591:  }
        -:  592:  __mingw_ovr
        -:  593:  __MINGW_MS_SCANF(1, 0) __MINGW_ATTRIB_NONNULL(1)
        -:  594:  int vscanf(const char *__format,  __builtin_va_list __local_argv)
        -:  595:  {
        -:  596:    return __ms_vscanf (__format, __local_argv);
        -:  597:  }
        -:  598:
        -:  599:#ifdef __GNUC__
        -:  600:#pragma GCC diagnostic pop
        -:  601:#endif
        -:  602:
        -:  603:#endif /* __NO_ISOCEXT */
        -:  604:#endif /* _UCRT */
        -:  605:#endif /* __USE_MINGW_ANSI_STDIO */
        -:  606:
        -:  607:  _CRTIMP int __cdecl _filbuf(FILE *_File);
        -:  608:  _CRTIMP int __cdecl _flsbuf(int _Ch,FILE *_File);
        -:  609:#ifdef _POSIX_
        -:  610:  _CRTIMP FILE *__cdecl _fsopen(const char *_Filename,const char *_Mode);
        -:  611:#else
        -:  612:  _CRTIMP FILE *__cdecl _fsopen(const char *_Filename,const char *_Mode,int _ShFlag);
        -:  613:#endif
        -:  614:  void __cdecl clearerr(FILE *_File);
        -:  615:  int __cdecl fclose(FILE *_File);
        -:  616:  _CRTIMP int __cdecl _fcloseall(void);
        -:  617:#ifdef _POSIX_
        -:  618:  FILE *__cdecl fdopen(int _FileHandle,const char *_Mode) __MINGW_ATTRIB_DEPRECATED_MSVC2005;
        -:  619:#else
        -:  620:  _CRTIMP FILE *__cdecl _fdopen(int _FileHandle,const char *_Mode);
        -:  621:#endif
        -:  622:  int __cdecl feof(FILE *_File);
        -:  623:  int __cdecl ferror(FILE *_File);
        -:  624:  int __cdecl fflush(FILE *_File);
        -:  625:  int __cdecl fgetc(FILE *_File);
        -:  626:  _CRTIMP int __cdecl _fgetchar(void);
        -:  627:  int __cdecl fgetpos(FILE * __restrict__ _File ,fpos_t * __restrict__ _Pos); /* 64bit only, no 32bit version */
        -:  628:  int __cdecl fgetpos64(FILE * __restrict__ _File ,fpos_t * __restrict__ _Pos); /* fgetpos already 64bit */
        -:  629:  char *__cdecl fgets(char * __restrict__ _Buf,int _MaxCount,FILE * __restrict__ _File);
        -:  630:  _CRTIMP int __cdecl _fileno(FILE *_File);
        -:  631:#ifdef _POSIX_
        -:  632:  int __cdecl fileno(FILE *_File) __MINGW_ATTRIB_DEPRECATED_MSVC2005;
        -:  633:#endif
        -:  634:  _CRTIMP char *__cdecl _tempnam(const char *_DirName,const char *_FilePrefix);
        -:  635:  _CRTIMP int __cdecl _flushall(void);
        -:  636:  FILE *__cdecl fopen(const char * __restrict__ _Filename,const char * __restrict__ _Mode) __MINGW_ATTRIB_DEPRECATED_SEC_WARN;
        -:  637:  FILE *fopen64(const char * __restrict__ filename,const char * __restrict__  mode);
        -:  638:  int __cdecl fputc(int _Ch,FILE *_File);
        -:  639:  _CRTIMP int __cdecl _fputchar(int _Ch);
        -:  640:  int __cdecl fputs(const char * __restrict__ _Str,FILE * __restrict__ _File);
        -:  641:  size_t __cdecl fread(void * __restrict__ _DstBuf,size_t _ElementSize,size_t _Count,FILE * __restrict__ _File);
        -:  642:  FILE *__cdecl freopen(const char * __restrict__ _Filename,const char * __restrict__ _Mode,FILE * __restrict__ _File) __MINGW_ATTRIB_DEPRECATED_SEC_WARN;
        -:  643:  int __cdecl fsetpos(FILE *_File,const fpos_t *_Pos);
        -:  644:  int __cdecl fsetpos64(FILE *_File,const fpos_t *_Pos); /* fsetpos already 64bit */
        -:  645:  int __cdecl fseek(FILE *_File,long _Offset,int _Origin);
        -:  646:  long __cdecl ftell(FILE *_File);
        -:  647:
        -:  648:  /* Shouldn't be any fseeko32 in glibc, 32bit to 64bit casting should be fine */
        -:  649:  /* int fseeko32(FILE* stream, _off_t offset, int whence);*/ /* fseeko32 redirects to fseeko64 */
        -:  650:  _CRTIMP int __cdecl _fseeki64(FILE *_File,__int64 _Offset,int _Origin);
        -:  651:  _CRTIMP __int64 __cdecl _ftelli64(FILE *_File);
        -:  652:#ifdef _UCRT
        -:  653:  __mingw_ovr int fseeko(FILE *_File, _off_t _Offset, int _Origin) {
        -:  654:    return fseek(_File, _Offset, _Origin);
        -:  655:  }
        -:  656:  __mingw_ovr int fseeko64(FILE *_File, _off64_t _Offset, int _Origin) {
        -:  657:    return _fseeki64(_File, _Offset, _Origin);
        -:  658:  }
        -:  659:  __mingw_ovr _off_t ftello(FILE *_File) {
        -:  660:    return ftell(_File);
        -:  661:  }
        -:  662:  __mingw_ovr _off64_t ftello64(FILE *_File) {
        -:  663:    return _ftelli64(_File);
        -:  664:  }
        -:  665:#else
        -:  666:  int fseeko64(FILE* stream, _off64_t offset, int whence);
        -:  667:  int fseeko(FILE* stream, _off_t offset, int whence);
        -:  668:  /* Returns truncated 64bit off_t */
        -:  669:  _off_t ftello(FILE * stream);
        -:  670:  _off64_t ftello64(FILE * stream);
        -:  671:#endif
        -:  672:
        -:  673:#ifndef _FILE_OFFSET_BITS_SET_FSEEKO
        -:  674:#define _FILE_OFFSET_BITS_SET_FSEEKO
        -:  675:#if (defined(_FILE_OFFSET_BITS) && (_FILE_OFFSET_BITS == 64))
        -:  676:#define fseeko fseeko64
        -:  677:#endif /* (defined(_FILE_OFFSET_BITS) && (_FILE_OFFSET_BITS == 64)) */
        -:  678:#endif /* _FILE_OFFSET_BITS_SET_FSEEKO */
        -:  679:
        -:  680:#ifndef _FILE_OFFSET_BITS_SET_FTELLO
        -:  681:#define _FILE_OFFSET_BITS_SET_FTELLO
        -:  682:#if (defined(_FILE_OFFSET_BITS) && (_FILE_OFFSET_BITS == 64))
        -:  683:#define ftello ftello64
        -:  684:#endif /* (defined(_FILE_OFFSET_BITS) && (_FILE_OFFSET_BITS == 64)) */
        -:  685:#endif /* _FILE_OFFSET_BITS_SET_FTELLO */
        -:  686:
        -:  687:  size_t __cdecl fwrite(const void * __restrict__ _Str,size_t _Size,size_t _Count,FILE * __restrict__ _File);
        -:  688:  int __cdecl getc(FILE *_File);
        -:  689:  int __cdecl getchar(void);
        -:  690:  _CRTIMP int __cdecl _getmaxstdio(void);
        -:  691:  char *__cdecl gets(char *_Buffer)
        -:  692:    __attribute__((__warning__("Using gets() is always unsafe - use fgets() instead")));
        -:  693:  int __cdecl _getw(FILE *_File);
        -:  694:#ifndef _CRT_PERROR_DEFINED
        -:  695:#define _CRT_PERROR_DEFINED
        -:  696:  void __cdecl perror(const char *_ErrMsg);
        -:  697:#endif
        -:  698:#ifdef _CRT_USE_WINAPI_FAMILY_DESKTOP_APP
        -:  699:  _CRTIMP int __cdecl _pclose(FILE *_File);
        -:  700:  _CRTIMP FILE *__cdecl _popen(const char *_Command,const char *_Mode);
        -:  701:#if !defined(NO_OLDNAMES) && !defined(popen)
        -:  702:#define popen	_popen
        -:  703:#define pclose	_pclose
        -:  704:#endif
        -:  705:#endif /* _CRT_USE_WINAPI_FAMILY_DESKTOP_APP */
        -:  706:  int __cdecl putc(int _Ch,FILE *_File);
        -:  707:  int __cdecl putchar(int _Ch);
        -:  708:  int __cdecl puts(const char *_Str);
        -:  709:  _CRTIMP int __cdecl _putw(int _Word,FILE *_File);
        -:  710:#ifndef _CRT_DIRECTORY_DEFINED
        -:  711:#define _CRT_DIRECTORY_DEFINED
        -:  712:  int __cdecl remove(const char *_Filename);
        -:  713:  int __cdecl rename(const char *_OldFilename,const char *_NewFilename);
        -:  714:  _CRTIMP int __cdecl _unlink(const char *_Filename);
        -:  715:#ifndef	NO_OLDNAMES
        -:  716:  int __cdecl unlink(const char *_Filename) __MINGW_ATTRIB_DEPRECATED_MSVC2005;
        -:  717:#endif
        -:  718:#endif
        -:  719:  void __cdecl rewind(FILE *_File);
        -:  720:  _CRTIMP int __cdecl _rmtmp(void);
        -:  721:  void __cdecl setbuf(FILE * __restrict__ _File,char * __restrict__ _Buffer) __MINGW_ATTRIB_DEPRECATED_SEC_WARN;
        -:  722:  _CRTIMP int __cdecl _setmaxstdio(int _Max);
        -:  723:  _CRTIMP unsigned int __cdecl _set_output_format(unsigned int _Format);
        -:  724:  _CRTIMP unsigned int __cdecl _get_output_format(void);
        -:  725:  int __cdecl setvbuf(FILE * __restrict__ _File,char * __restrict__ _Buf,int _Mode,size_t _Size);
        -:  726:#ifdef _UCRT
        -:  727:  __MINGW_ATTRIB_PURE
        -:  728:  __attribute__((__format__ (__MINGW_PRINTF_FORMAT, 1, 2))) __MINGW_ATTRIB_NONNULL(1)
        -:  729:  int __cdecl _scprintf(const char * __restrict__ _Format,...);
        -:  730:  __attribute__((__format__ (__MINGW_SCANF_FORMAT, 3, 4))) __MINGW_ATTRIB_NONNULL(3)
        -:  731:  int __cdecl _snscanf(const char * __restrict__ _Src,size_t _MaxCount,const char * __restrict__ _Format,...) __MINGW_ATTRIB_DEPRECATED_SEC_WARN;
        -:  732:#else
        -:  733:  __MINGW_ATTRIB_PURE
        -:  734:  __MINGW_MS_PRINTF(1, 2) __MINGW_ATTRIB_NONNULL(1)
        -:  735:  _CRTIMP int __cdecl _scprintf(const char * __restrict__ _Format,...);
        -:  736:  __MINGW_MS_SCANF(3, 4) __MINGW_ATTRIB_NONNULL(3)
        -:  737:  _CRTIMP int __cdecl _snscanf(const char * __restrict__ _Src,size_t _MaxCount,const char * __restrict__ _Format,...) __MINGW_ATTRIB_DEPRECATED_SEC_WARN;
        -:  738:#endif
        -:  739:  __MINGW_ATTRIB_PURE
        -:  740:  __MINGW_MS_PRINTF(1, 0) __MINGW_ATTRIB_NONNULL(1)
        -:  741:  _CRTIMP int __cdecl _vscprintf(const char * __restrict__ _Format,va_list _ArgList);
        -:  742:  FILE *__cdecl tmpfile(void) __MINGW_ATTRIB_DEPRECATED_SEC_WARN;
        -:  743:  char *__cdecl tmpnam(char *_Buffer);
        -:  744:  int __cdecl ungetc(int _Ch,FILE *_File);
        -:  745:
        -:  746:#ifdef _UCRT
        -:  747:  __attribute__((__format__ (__MINGW_PRINTF_FORMAT, 3, 0))) __MINGW_ATTRIB_NONNULL(3)
        -:  748:  int __cdecl _vsnprintf(char * __restrict__ _Dest,size_t _Count,const char * __restrict__ _Format,va_list _Args) __MINGW_ATTRIB_DEPRECATED_SEC_WARN;
        -:  749:  __attribute__((__format__ (__MINGW_PRINTF_FORMAT, 3, 4))) __MINGW_ATTRIB_NONNULL(3)
        -:  750:  int __cdecl _snprintf(char * __restrict__ _Dest,size_t _Count,const char * __restrict__ _Format,...) __MINGW_ATTRIB_DEPRECATED_SEC_WARN;
        -:  751:#else
        -:  752:  __MINGW_MS_PRINTF(3, 4) __MINGW_ATTRIB_NONNULL(3)
        -:  753:  _CRTIMP int __cdecl _snprintf(char * __restrict__ _Dest,size_t _Count,const char * __restrict__ _Format,...) __MINGW_ATTRIB_DEPRECATED_SEC_WARN;
        -:  754:  __MINGW_MS_PRINTF(3, 0) __MINGW_ATTRIB_NONNULL(3)
        -:  755:  _CRTIMP int __cdecl _vsnprintf(char * __restrict__ _Dest,size_t _Count,const char * __restrict__ _Format,va_list _Args) __MINGW_ATTRIB_DEPRECATED_SEC_WARN;
        -:  756:#endif
        -:  757:
        -:  758:#if __MINGW_FORTIFY_LEVEL > 0
        -:  759:
        -:  760:char * __cdecl __gets_chk(char *, size_t);
        -:  761:char * __cdecl __mingw_call_gets_warn(char *) __MINGW_ASM_CALL(gets)
        -:  762:  __attribute__((__warning__("Using gets() is always unsafe - use fgets() instead")));
        -:  763:char * __cdecl __mingw_call_fgets(char * __restrict__, int, FILE * __restrict__) __MINGW_ASM_CALL(fgets);
        -:  764:size_t __cdecl __mingw_call_fread(void * __restrict__, size_t, size_t, FILE * __restrict__) __MINGW_ASM_CALL(fread);
        -:  765:char * __cdecl __mingw_call_tmpnam(char *) __MINGW_ASM_CALL(tmpnam);
        -:  766:
        -:  767:__mingw_bos_extern_ovr
        -:  768:char * gets(char * __dst)
        -:  769:{
        -:  770:  if (__mingw_bos_known(__dst))
        -:  771:    return __gets_chk(__dst, __mingw_bos(__dst, 1));
        -:  772:  return __mingw_call_gets_warn(__dst);
        -:  773:}
        -:  774:
        -:  775:__mingw_bos_extern_ovr
        -:  776:char * fgets(char * __restrict__ __dst, int __n, FILE * __restrict__ __f)
        -:  777:{
        -:  778:  __mingw_bos_ptr_chk_warn(__dst, __n, 1);
        -:  779:  return __mingw_call_fgets(__dst, __n, __f);
        -:  780:}
        -:  781:
        -:  782:__mingw_bos_extern_ovr
        -:  783:size_t fread(void * __restrict__ __dst, size_t __sz, size_t __n, FILE * __restrict__ __f)
        -:  784:{
        -:  785:  __mingw_bos_ptr_chk_warn(__dst, __sz * __n, 0);
        -:  786:  return __mingw_call_fread(__dst, __sz, __n, __f);
        -:  787:}
        -:  788:
        -:  789:__mingw_bos_extern_ovr
        -:  790:char * tmpnam(char * __dst)
        -:  791:{
        -:  792:  __mingw_bos_ptr_chk_warn(__dst, L_tmpnam, 1);
        -:  793:  return __mingw_call_tmpnam(__dst);
        -:  794:}
        -:  795:
        -:  796:#endif /* __MINGW_FORTIFY_LEVEL > 0 */
        -:  797:
        -:  798:#if __USE_MINGW_ANSI_STDIO == 0
        -:  799:
        -:  800:#ifdef _UCRT
        -:  801:#ifdef __GNUC__
        -:  802:#pragma GCC diagnostic push
        -:  803:#pragma GCC diagnostic ignored "-Wshadow"
        -:  804:#endif
        -:  805:  __attribute__((__format__ (__MINGW_PRINTF_FORMAT, 3, 0))) __MINGW_ATTRIB_NONNULL(3)
        -:  806:  int vsnprintf (char * __restrict__ __stream, size_t __n, const char * __restrict__ __format, va_list __local_argv);
        -:  807:
        -:  808:  __attribute__((__format__ (__MINGW_PRINTF_FORMAT, 3, 4))) __MINGW_ATTRIB_NONNULL(3)
        -:  809:  int snprintf (char * __restrict__ __stream, size_t __n, const char * __restrict__ __format, ...);
        -:  810:
        -:  811:#if __MINGW_FORTIFY_LEVEL > 0
        -:  812:
        -:  813:  int __cdecl __mingw_call_vsprintf (char * __restrict__ __stream, const char * __restrict__ __format, va_list __local_argv) __MINGW_ASM_CALL(vsprintf);
        -:  814:  int __cdecl __mingw_call_vsnprintf (char * __restrict__ __stream, size_t __n, const char * __restrict__ __format, va_list __local_argv) __MINGW_ASM_CALL(vsnprintf);
        -:  815:
        -:  816:  __mingw_bos_extern_ovr
        -:  817:  __attribute__((__format__ (__MINGW_PRINTF_FORMAT, 2, 0))) __MINGW_ATTRIB_NONNULL(3)
        -:  818:  int vsprintf (char * __restrict__ __stream, const char * __restrict__ __format, va_list __local_argv)
        -:  819:  {
        -:  820:    if (__mingw_bos_known(__stream)) {
        -:  821:      int __retval = __mingw_call_vsnprintf (__stream, __mingw_bos(__stream, 1), __format, __local_argv);
        -:  822:      if (__retval >= 0)
        -:  823:        __mingw_bos_ptr_chk(__stream, (size_t)__retval + 1, 1);
        -:  824:      return __retval;
        -:  825:    }
        -:  826:    return __mingw_call_vsprintf(__stream, __format, __local_argv);
        -:  827:  }
        -:  828:
        -:  829:  __mingw_bos_extern_ovr
        -:  830:  __attribute__((__format__ (__MINGW_PRINTF_FORMAT, 3, 0))) __MINGW_ATTRIB_NONNULL(3)
        -:  831:  int vsnprintf (char * __restrict__ __stream, size_t __n, const char * __restrict__ __format, va_list __local_argv)
        -:  832:  {
        -:  833:    __mingw_bos_ptr_chk_warn(__stream, __n, 1);
        -:  834:    return __mingw_call_vsnprintf (__stream, __n, __format, __local_argv);
        -:  835:  }
        -:  836:
        -:  837:#endif /* __MINGW_FORTIFY_LEVEL > 0 */
        -:  838:
        -:  839:#if __MINGW_FORTIFY_VA_ARG
        -:  840:
        -:  841:  int __cdecl __mingw_call_sprintf (char * __restrict__ __stream, const char * __restrict__ __Format, ...) __MINGW_ASM_CALL(sprintf);
        -:  842:  int __cdecl __mingw_call_snprintf (char * __restrict__ __stream, size_t __n, const char * __restrict__ __format, ...) __MINGW_ASM_CALL(snprintf);
        -:  843:
        -:  844:  __mingw_bos_extern_ovr
        -:  845:  __attribute__((__format__ (__MINGW_PRINTF_FORMAT, 2, 3))) __MINGW_ATTRIB_NONNULL(2)
        -:  846:  int sprintf (char * __restrict__ __stream, const char * __restrict__ __format, ...)
        -:  847:  {
        -:  848:    if (__mingw_bos_known(__stream)) {
        -:  849:      int __retval = __mingw_call_snprintf (__stream, __mingw_bos(__stream, 1), __format, __builtin_va_arg_pack());
        -:  850:      if (__retval >= 0)
        -:  851:        __mingw_bos_ptr_chk(__stream, (size_t)__retval + 1, 1);
        -:  852:      return __retval;
        -:  853:    }
        -:  854:    return __mingw_call_sprintf (__stream, __format, __builtin_va_arg_pack());
        -:  855:  }
        -:  856:
        -:  857:  __mingw_bos_extern_ovr
        -:  858:  __attribute__((__format__ (__MINGW_PRINTF_FORMAT, 3, 4))) __MINGW_ATTRIB_NONNULL(3)
        -:  859:  int snprintf (char * __restrict__ __stream, size_t __n, const char * __restrict__ __format, ...)
        -:  860:  {
        -:  861:    __mingw_bos_ptr_chk_warn(__stream, __n, 1);
        -:  862:    return __mingw_call_snprintf (__stream, __n, __format, __builtin_va_arg_pack());
        -:  863:  }
        -:  864:
        -:  865:#endif /* __MINGW_FORTIFY_VA_ARG */
        -:  866:
        -:  867:#ifdef __GNUC__
        -:  868:#pragma GCC diagnostic pop
        -:  869:#endif
        -:  870:#else /* !_UCRT */
        -:  871:
        -:  872:/* this is here to deal with software defining
        -:  873: * vsnprintf as _vsnprintf, eg. libxml2.  */
        -:  874:
        -:  875:#ifdef __GNUC__
        -:  876:#pragma GCC diagnostic push
        -:  877:#pragma GCC diagnostic ignored "-Wshadow"
        -:  878:#endif
        -:  879:
        -:  880:  __MINGW_MS_PRINTF(3, 0) __MINGW_ATTRIB_NONNULL(3)
        -:  881:  int __cdecl __ms_vsnprintf(char * __restrict__ d,size_t n,const char * __restrict__ format,va_list arg)
        -:  882:    __MINGW_ATTRIB_DEPRECATED_MSVC2005 __MINGW_ATTRIB_DEPRECATED_SEC_WARN;
        -:  883:
        -:  884:  __mingw_bos_ovr
        -:  885:  __MINGW_MS_PRINTF(3, 0) __MINGW_ATTRIB_NONNULL(3)
        -:  886:  int vsnprintf (char * __restrict__ __stream, size_t __n, const char * __restrict__ __format, va_list __local_argv)
        -:  887:  {
        -:  888:#if __MINGW_FORTIFY_LEVEL > 0
        -:  889:    __mingw_bos_ptr_chk_warn(__stream, __n, 1);
        -:  890:#endif
        -:  891:    if (__builtin_constant_p(__n) && __n == 0)
        -:  892:      return _vscprintf(__format, __local_argv);
        -:  893:    return __ms_vsnprintf (__stream, __n, __format, __local_argv);
        -:  894:  }
        -:  895:
        -:  896:  __MINGW_MS_PRINTF(3, 4) __MINGW_ATTRIB_NONNULL(3)
        -:  897:  int __cdecl __ms_snprintf(char * __restrict__ s, size_t n, const char * __restrict__  format, ...);
        -:  898:
        -:  899:#ifndef __NO_ISOCEXT
        -:  900:#if __MINGW_FORTIFY_VA_ARG
        -:  901:
        -:  902:int snprintf (char * __restrict__ __stream, size_t __n, const char * __restrict__ __format, ...) __MINGW_ASM_CALL(__ms_snprintf);
        -:  903:
        -:  904:__mingw_bos_extern_ovr
        -:  905:__MINGW_MS_PRINTF(3, 4) __MINGW_ATTRIB_NONNULL(3)
        -:  906:int snprintf (char * __restrict__ __stream, size_t __n, const char * __restrict__ __format, ...)
        -:  907:{
        -:  908:  __mingw_bos_ptr_chk_warn(__stream, __n, 1);
        -:  909:  if (__builtin_constant_p(__n) && __n == 0)
        -:  910:    return _scprintf(__format, __builtin_va_arg_pack());
        -:  911:  return __ms_snprintf(__stream, __n, __format, __builtin_va_arg_pack());
        -:  912:}
        -:  913:
        -:  914:#else /* !__MINGW_FORTIFY_VA_ARG */
        -:  915:
        -:  916:__mingw_ovr
        -:  917:__MINGW_MS_PRINTF(3, 4) __MINGW_ATTRIB_NONNULL(3)
        -:  918:int snprintf (char * __restrict__ __stream, size_t __n, const char * __restrict__ __format, ...)
        -:  919:{
        -:  920:  int __retval;
        -:  921:  __builtin_va_list __local_argv; __builtin_va_start( __local_argv, __format );
        -:  922:  if (__builtin_constant_p(__n) && __n == 0)
        -:  923:    __retval = _vscprintf(__format, __local_argv);
        -:  924:  else
        -:  925:    __retval = __ms_vsnprintf (__stream, __n, __format, __local_argv);
        -:  926:  __builtin_va_end( __local_argv );
        -:  927:  return __retval;
        -:  928:}
        -:  929:
        -:  930:#endif /* !__MINGW_FORTIFY_VA_ARG */
        -:  931:#endif /* !__NO_ISOCEXT */
        -:  932:
        -:  933:#if __MINGW_FORTIFY_VA_ARG
        -:  934:
        -:  935:int __cdecl __mingw_call_ms_sprintf(char * __restrict__, const char * __restrict__, ...) __MINGW_ASM_CALL(sprintf);
        -:  936:
        -:  937:__mingw_bos_extern_ovr
        -:  938:__MINGW_MS_PRINTF(2, 3) __MINGW_ATTRIB_NONNULL(2)
        -:  939:int sprintf (char * __restrict__ __stream, const char * __restrict__ __format, ...)
        -:  940:{
        -:  941:  if (__mingw_bos_known(__stream)) {
        -:  942:    int __retval = __ms_snprintf( __stream, __mingw_bos(__stream, 1), __format, __builtin_va_arg_pack() );
        -:  943:    if (__retval >= 0)
        -:  944:      __mingw_bos_ptr_chk(__stream, (size_t)__retval + 1, 1);
        -:  945:    return __retval;
        -:  946:  }
        -:  947:  return __mingw_call_ms_sprintf( __stream, __format, __builtin_va_arg_pack() );
        -:  948:}
        -:  949:
        -:  950:#endif /* __MINGW_FORTIFY_VA_ARG */
        -:  951:
        -:  952:#if __MINGW_FORTIFY_LEVEL > 0
        -:  953:
        -:  954:int __cdecl __mingw_call_ms_vsprintf(char * __restrict__, const char * __restrict__, va_list) __MINGW_ASM_CALL(vsprintf);
        -:  955:
        -:  956:__mingw_bos_extern_ovr
        -:  957:__MINGW_MS_PRINTF(2, 0) __MINGW_ATTRIB_NONNULL(2)
        -:  958:int vsprintf (char * __restrict__ __stream, const char * __restrict__ __format, va_list __local_argv)
        -:  959:{
        -:  960:  if (__mingw_bos_known(__stream)) {
        -:  961:    int __retval = __ms_vsnprintf( __stream, __mingw_bos(__stream, 1), __format, __local_argv );
        -:  962:    if (__retval >= 0)
        -:  963:      __mingw_bos_ptr_chk(__stream, (size_t)__retval + 1, 1);
        -:  964:    return __retval;
        -:  965:  }
        -:  966:  return __mingw_call_ms_vsprintf( __stream, __format, __local_argv );
        -:  967:}
        -:  968:
        -:  969:#endif /* __MINGW_FORTIFY_LEVEL > 0 */
        -:  970:
        -:  971:#ifdef __GNUC__
        -:  972:#pragma GCC diagnostic pop
        -:  973:#endif
        -:  974:#endif /* _UCRT */
        -:  975:#endif /* __USE_MINGW_ANSI_STDIO */
        -:  976:
        -:  977:  _CRTIMP int __cdecl _set_printf_count_output(int _Value);
        -:  978:  _CRTIMP int __cdecl _get_printf_count_output(void);
        -:  979:
        -:  980:#ifndef _WSTDIO_DEFINED
        -:  981:#define _WSTDIO_DEFINED
        -:  982:
        -:  983:/* __attribute__((__format__ (gnu_wscanf, 2, 3))) */ __MINGW_ATTRIB_NONNULL(2)
        -:  984:  int __cdecl __mingw_swscanf(const wchar_t * __restrict__ _Src,const wchar_t * __restrict__ _Format,...);
        -:  985:/* __attribute__((__format__ (gnu_wscanf, 2, 0))) */ __MINGW_ATTRIB_NONNULL(2)
        -:  986:  int __cdecl __mingw_vswscanf (const wchar_t * __restrict__ _Str,const wchar_t * __restrict__ Format,va_list argp);
        -:  987:/* __attribute__((__format__ (gnu_wscanf, 1, 2))) */ __MINGW_ATTRIB_NONNULL(1)
        -:  988:  int __cdecl __mingw_wscanf(const wchar_t * __restrict__ _Format,...);
        -:  989:/* __attribute__((__format__ (gnu_wscanf, 1, 0))) */ __MINGW_ATTRIB_NONNULL(1)
        -:  990:  int __cdecl __mingw_vwscanf(const wchar_t * __restrict__ Format, va_list argp);
        -:  991:/* __attribute__((__format__ (gnu_wscanf, 2, 3))) */ __MINGW_ATTRIB_NONNULL(2)
        -:  992:  int __cdecl __mingw_fwscanf(FILE * __restrict__ _File,const wchar_t * __restrict__ _Format,...);
        -:  993:/* __attribute__((__format__ (gnu_wscanf, 2, 0))) */ __MINGW_ATTRIB_NONNULL(2)
        -:  994:  int __cdecl __mingw_vfwscanf (FILE * __restrict__ fp, const wchar_t * __restrict__ Format,va_list argp);
        -:  995:
        -:  996:/* __attribute__((__format__ (gnu_wprintf, 2, 3))) */ __MINGW_ATTRIB_NONNULL(2)
        -:  997:  int __cdecl __mingw_fwprintf(FILE * __restrict__ _File,const wchar_t * __restrict__ _Format,...);
        -:  998:/* __attribute__((__format__ (gnu_wprintf, 1, 2))) */ __MINGW_ATTRIB_NONNULL(1)
        -:  999:  int __cdecl __mingw_wprintf(const wchar_t * __restrict__ _Format,...);
        -: 1000:/* __attribute__((__format__ (gnu_wprintf, 2, 0))) */__MINGW_ATTRIB_NONNULL(2)
        -: 1001:  int __cdecl __mingw_vfwprintf(FILE * __restrict__ _File,const wchar_t * __restrict__ _Format,va_list _ArgList);
        -: 1002:/*__attribute__((__format__ (gnu_wprintf, 1, 0))) */ __MINGW_ATTRIB_NONNULL(1)
        -: 1003:  int __cdecl __mingw_vwprintf(const wchar_t * __restrict__ _Format,va_list _ArgList);
        -: 1004:/* __attribute__((__format__ (gnu_wprintf, 3, 4))) */ __MINGW_ATTRIB_NONNULL(3)
        -: 1005:  int __cdecl __mingw_snwprintf (wchar_t * __restrict__ s, size_t n, const wchar_t * __restrict__ format, ...);
        -: 1006:/* __attribute__((__format__ (gnu_wprintf, 3, 0))) */ __MINGW_ATTRIB_NONNULL(3)
        -: 1007:  int __cdecl __mingw_vsnwprintf (wchar_t * __restrict__ , size_t, const wchar_t * __restrict__ , va_list);
        -: 1008:/* __attribute__((__format__ (gnu_wprintf, 2, 3))) */ __MINGW_ATTRIB_NONNULL(2)
        -: 1009:  int __cdecl __mingw_swprintf(wchar_t * __restrict__ , const wchar_t * __restrict__ , ...);
        -: 1010:/* __attribute__((__format__ (gnu_wprintf, 2, 0))) */ __MINGW_ATTRIB_NONNULL(2)
        -: 1011:  int __cdecl __mingw_vswprintf(wchar_t * __restrict__ , const wchar_t * __restrict__ ,va_list);
        -: 1012:
        -: 1013:/* __attribute__((__format__ (ms_wscanf, 2, 3))) */ __MINGW_ATTRIB_NONNULL(2)
        -: 1014:  int __cdecl __ms_swscanf(const wchar_t * __restrict__ _Src,const wchar_t * __restrict__ _Format,...);
        -: 1015:/* __attribute__((__format__ (ms_wscanf, 1, 2))) */ __MINGW_ATTRIB_NONNULL(1)
        -: 1016:  int __cdecl __ms_wscanf(const wchar_t * __restrict__ _Format,...);
        -: 1017:/* __attribute__((__format__ (ms_wscanf, 2, 3))) */ __MINGW_ATTRIB_NONNULL(2)
        -: 1018:  int __cdecl __ms_fwscanf(FILE * __restrict__ _File,const wchar_t * __restrict__ _Format,...);
        -: 1019:
        -: 1020:/* __attribute__((__format__ (ms_wprintf, 2, 3))) */ __MINGW_ATTRIB_NONNULL(2)
        -: 1021:  int __cdecl __ms_fwprintf(FILE * __restrict__ _File,const wchar_t * __restrict__ _Format,...);
        -: 1022:/* __attribute__((__format__ (ms_wprintf, 1, 2))) */ __MINGW_ATTRIB_NONNULL(1)
        -: 1023:  int __cdecl __ms_wprintf(const wchar_t * __restrict__ _Format,...);
        -: 1024:/* __attribute__((__format__ (ms_wprintf, 2, 0))) */__MINGW_ATTRIB_NONNULL(2)
        -: 1025:  int __cdecl __ms_vfwprintf(FILE * __restrict__ _File,const wchar_t * __restrict__ _Format,va_list _ArgList);
        -: 1026:/*__attribute__((__format__ (ms_wprintf, 1, 0))) */ __MINGW_ATTRIB_NONNULL(1)
        -: 1027:  int __cdecl __ms_vwprintf(const wchar_t * __restrict__ _Format,va_list _ArgList);
        -: 1028:/* __attribute__((__format__ (ms_wprintf, 2, 3))) */ __MINGW_ATTRIB_NONNULL(2)
        -: 1029:  int __cdecl __ms_swprintf(wchar_t * __restrict__ , const wchar_t * __restrict__ , ...);
        -: 1030:/* __attribute__((__format__ (ms_wprintf, 2, 0))) */ __MINGW_ATTRIB_NONNULL(2)
        -: 1031:  int __cdecl __ms_vswprintf(wchar_t * __restrict__ , const wchar_t * __restrict__ ,va_list);
        -: 1032:
        -: 1033:#ifdef _UCRT
        -: 1034:  int __cdecl __stdio_common_vswprintf(unsigned __int64 options, wchar_t *str, size_t len, const wchar_t *format, _locale_t locale, va_list valist);
        -: 1035:  int __cdecl __stdio_common_vfwprintf(unsigned __int64 options, FILE *file, const wchar_t *format, _locale_t locale, va_list valist);
        -: 1036:  int __cdecl __stdio_common_vswscanf(unsigned __int64 options, const wchar_t *input, size_t length, const wchar_t *format, _locale_t locale, va_list valist);
        -: 1037:  int __cdecl __stdio_common_vfwscanf(unsigned __int64 options, FILE *file, const wchar_t *format, _locale_t locale, va_list valist);
        -: 1038:#endif
        -: 1039:
        -: 1040:#if __USE_MINGW_ANSI_STDIO && !defined(_CRTBLD)
        -: 1041:/*
        -: 1042: * User has expressed a preference for C99 conformance...
        -: 1043: */
        -: 1044:
        -: 1045:__mingw_ovr
        -: 1046:/* __attribute__((__format__ (gnu_wscanf, 2, 3))) */ __MINGW_ATTRIB_NONNULL(2)
        -: 1047:int swscanf(const wchar_t *__source, const wchar_t *__format, ...)
        -: 1048:{
        -: 1049:  int __retval;
        -: 1050:  __builtin_va_list __local_argv; __builtin_va_start( __local_argv, __format );
        -: 1051:  __retval = __mingw_vswscanf( __source, __format, __local_argv );
        -: 1052:  __builtin_va_end( __local_argv );
        -: 1053:  return __retval;
        -: 1054:}
        -: 1055:
        -: 1056:__mingw_ovr
        -: 1057:/* __attribute__((__format__ (gnu_wscanf, 1, 2))) */ __MINGW_ATTRIB_NONNULL(1)
        -: 1058:int wscanf(const wchar_t *__format, ...)
        -: 1059:{
        -: 1060:  int __retval;
        -: 1061:  __builtin_va_list __local_argv; __builtin_va_start( __local_argv, __format );
        -: 1062:  __retval = __mingw_vfwscanf( stdin, __format, __local_argv );
        -: 1063:  __builtin_va_end( __local_argv );
        -: 1064:  return __retval;
        -: 1065:}
        -: 1066:
        -: 1067:__mingw_ovr
        -: 1068:/* __attribute__((__format__ (gnu_wscanf, 2, 3))) */ __MINGW_ATTRIB_NONNULL(2)
        -: 1069:int fwscanf(FILE *__stream, const wchar_t *__format, ...)
        -: 1070:{
        -: 1071:  int __retval;
        -: 1072:  __builtin_va_list __local_argv; __builtin_va_start( __local_argv, __format );
        -: 1073:  __retval = __mingw_vfwscanf( __stream, __format, __local_argv );
        -: 1074:  __builtin_va_end( __local_argv );
        -: 1075:  return __retval;
        -: 1076:}
        -: 1077:
        -: 1078:#ifndef __NO_ISOCEXT  /* externs in libmingwex.a */
        -: 1079:__mingw_ovr
        -: 1080:/* __attribute__((__format__ (gnu_wscanf, 2, 0))) */ __MINGW_ATTRIB_NONNULL(2)
        -: 1081:int vswscanf (const wchar_t * __restrict__ __source, const wchar_t * __restrict__ __format, __builtin_va_list __local_argv)
        -: 1082:{
        -: 1083:  return __mingw_vswscanf( __source, __format, __local_argv );
        -: 1084:}
        -: 1085:
        -: 1086:__mingw_ovr
        -: 1087:/* __attribute__((__format__ (gnu_wscanf, 1, 0))) */ __MINGW_ATTRIB_NONNULL(1)
        -: 1088:int vwscanf(const wchar_t *__format,  __builtin_va_list __local_argv)
        -: 1089:{
        -: 1090:  return __mingw_vfwscanf( stdin, __format, __local_argv );
        -: 1091:}
        -: 1092:
        -: 1093:__mingw_ovr
        -: 1094:/* __attribute__((__format__ (gnu_wscanf, 2, 0))) */ __MINGW_ATTRIB_NONNULL(2)
        -: 1095:int vfwscanf (FILE *__stream,  const wchar_t *__format, __builtin_va_list __local_argv)
        -: 1096:{
        -: 1097:  return __mingw_vfwscanf( __stream, __format, __local_argv );
        -: 1098:}
        -: 1099:#endif /* __NO_ISOCEXT */
        -: 1100:
        -: 1101:
        -: 1102:
        -: 1103:__mingw_ovr
        -: 1104:/* __attribute__((__format__ (gnu_wprintf, 2, 3))) */ __MINGW_ATTRIB_NONNULL(2)
        -: 1105:int fwprintf (FILE *__stream, const wchar_t *__format, ...)
        -: 1106:{
        -: 1107:  int __retval;
        -: 1108:  __builtin_va_list __local_argv; __builtin_va_start( __local_argv, __format );
        -: 1109:  __retval = __mingw_vfwprintf( __stream, __format, __local_argv );
        -: 1110:  __builtin_va_end( __local_argv );
        -: 1111:  return __retval;
        -: 1112:}
        -: 1113:
        -: 1114:__mingw_ovr
        -: 1115:/* __attribute__((__format__ (gnu_wprintf, 1, 2))) */ __MINGW_ATTRIB_NONNULL(1)
        -: 1116:int wprintf (const wchar_t *__format, ...)
        -: 1117:{
        -: 1118:  int __retval;
        -: 1119:  __builtin_va_list __local_argv; __builtin_va_start( __local_argv, __format );
        -: 1120:  __retval = __mingw_vfwprintf( stdout, __format, __local_argv );
        -: 1121:  __builtin_va_end( __local_argv );
        -: 1122:  return __retval;
        -: 1123:}
        -: 1124:
        -: 1125:__mingw_ovr
        -: 1126:/* __attribute__((__format__ (gnu_wprintf, 2, 0))) */ __MINGW_ATTRIB_NONNULL(2)
        -: 1127:int vfwprintf (FILE *__stream, const wchar_t *__format, __builtin_va_list __local_argv)
        -: 1128:{
        -: 1129:  return __mingw_vfwprintf( __stream, __format, __local_argv );
        -: 1130:}
        -: 1131:
        -: 1132:__mingw_ovr
        -: 1133:/* __attribute__((__format__ (gnu_wprintf, 1, 0))) */ __MINGW_ATTRIB_NONNULL(1)
        -: 1134:int vwprintf (const wchar_t *__format, __builtin_va_list __local_argv)
        -: 1135:{
        -: 1136:  return __mingw_vfwprintf( stdout, __format, __local_argv );
        -: 1137:}
        -: 1138:
        -: 1139:#ifndef __NO_ISOCEXT  /* externs in libmingwex.a */
        -: 1140:
        -: 1141:#if __MINGW_FORTIFY_VA_ARG
        -: 1142:
        -: 1143:int snwprintf (wchar_t *__stream, size_t __n, const wchar_t *__format, ...) __MINGW_ASM_CALL(__mingw_snwprintf);
        -: 1144:
        -: 1145:__mingw_bos_extern_ovr
        -: 1146:/* __attribute__((__format__ (gnu_wprintf, 3, 4))) */ __MINGW_ATTRIB_NONNULL(3)
        -: 1147:int snwprintf (wchar_t *__stream, size_t __n, const wchar_t *__format, ...)
        -: 1148:{
        -: 1149:  __mingw_bos_ptr_chk_warn(__stream, __n * sizeof(wchar_t), 1);
        -: 1150:  return __mingw_snwprintf( __stream, __n, __format, __builtin_va_arg_pack() );
        -: 1151:}
        -: 1152:
        -: 1153:#else /* !__MINGW_FORTIFY_VA_ARG */
        -: 1154:
        -: 1155:__mingw_ovr
        -: 1156:/* __attribute__((__format__ (gnu_wprintf, 3, 4))) */ __MINGW_ATTRIB_NONNULL(3)
        -: 1157:int snwprintf (wchar_t *__stream, size_t __n, const wchar_t *__format, ...)
        -: 1158:{
        -: 1159:  int __retval;
        -: 1160:  __builtin_va_list __local_argv; __builtin_va_start( __local_argv, __format );
        -: 1161:  __retval = __mingw_vsnwprintf( __stream, __n, __format, __local_argv );
        -: 1162:  __builtin_va_end( __local_argv );
        -: 1163:  return __retval;
        -: 1164:}
        -: 1165:
        -: 1166:#endif /* __MINGW_FORTIFY_VA_ARG */
        -: 1167:
        -: 1168:__mingw_bos_ovr
        -: 1169:/* __attribute__((__format__ (gnu_wprintf, 3, 0))) */ __MINGW_ATTRIB_NONNULL(3)
        -: 1170:int vsnwprintf (wchar_t *__stream, size_t __n, const wchar_t *__format, __builtin_va_list __local_argv)
        -: 1171:{
        -: 1172:#if __MINGW_FORTIFY_LEVEL > 0
        -: 1173:  __mingw_bos_ptr_chk_warn(__stream, __n * sizeof(wchar_t), 1);
        -: 1174:#endif
        -: 1175:  return __mingw_vsnwprintf( __stream, __n, __format, __local_argv );
        -: 1176:}
        -: 1177:#endif /* __NO_ISOCEXT */
        -: 1178:
        -: 1179:#else /* !__USE_MINGW_ANSI_STDIO */
        -: 1180:
        -: 1181:#ifdef _UCRT
        -: 1182:  __mingw_ovr __MINGW_ATTRIB_DEPRECATED_SEC_WARN
        -: 1183:  int __cdecl fwscanf(FILE * __restrict__ _File,const wchar_t * __restrict__ _Format,...)
        -: 1184:  {
        -: 1185:    __builtin_va_list __ap;
        -: 1186:    int __ret;
        -: 1187:    __builtin_va_start(__ap, _Format);
        -: 1188:    __ret = __stdio_common_vfwscanf(_CRT_INTERNAL_LOCAL_SCANF_OPTIONS, _File, _Format, NULL, __ap);
        -: 1189:    __builtin_va_end(__ap);
        -: 1190:    return __ret;
        -: 1191:  }
        -: 1192:  __mingw_ovr __MINGW_ATTRIB_DEPRECATED_SEC_WARN
        -: 1193:  int __cdecl swscanf(const wchar_t * __restrict__ _Src,const wchar_t * __restrict__ _Format,...)
        -: 1194:  {
        -: 1195:    __builtin_va_list __ap;
        -: 1196:    int __ret;
        -: 1197:    __builtin_va_start(__ap, _Format);
        -: 1198:    __ret = __stdio_common_vswscanf(_CRT_INTERNAL_LOCAL_SCANF_OPTIONS, _Src, (size_t)-1, _Format, NULL, __ap);
        -: 1199:    __builtin_va_end(__ap);
        -: 1200:    return __ret;
        -: 1201:  }
        -: 1202:  __mingw_ovr __MINGW_ATTRIB_DEPRECATED_SEC_WARN
        -: 1203:  int __cdecl wscanf(const wchar_t * __restrict__ _Format,...)
        -: 1204:  {
        -: 1205:    __builtin_va_list __ap;
        -: 1206:    int __ret;
        -: 1207:    __builtin_va_start(__ap, _Format);
        -: 1208:    __ret = __stdio_common_vfwscanf(_CRT_INTERNAL_LOCAL_SCANF_OPTIONS, stdin, _Format, NULL, __ap);
        -: 1209:    __builtin_va_end(__ap);
        -: 1210:    return __ret;
        -: 1211:  }
        -: 1212:  __mingw_ovr
        -: 1213:  __MINGW_ATTRIB_NONNULL(2)
        -: 1214:  int vfwscanf (FILE *__stream,  const wchar_t *__format, va_list __local_argv)
        -: 1215:  {
        -: 1216:    return __stdio_common_vfwscanf(_CRT_INTERNAL_LOCAL_SCANF_OPTIONS, __stream, __format, NULL, __local_argv);
        -: 1217:  }
        -: 1218:
        -: 1219:  __mingw_ovr
        -: 1220:  __MINGW_ATTRIB_NONNULL(2)
        -: 1221:  int vswscanf (const wchar_t * __restrict__ __source, const wchar_t * __restrict__ __format, va_list __local_argv)
        -: 1222:  {
        -: 1223:    return __stdio_common_vswscanf(_CRT_INTERNAL_LOCAL_SCANF_OPTIONS, __source, (size_t)-1, __format, NULL, __local_argv);
        -: 1224:  }
        -: 1225:  __mingw_ovr
        -: 1226:  __MINGW_ATTRIB_NONNULL(1)
        -: 1227:  int vwscanf(const wchar_t *__format, va_list __local_argv)
        -: 1228:  {
        -: 1229:    return __stdio_common_vfwscanf(_CRT_INTERNAL_LOCAL_SCANF_OPTIONS, stdin, __format, NULL, __local_argv);
        -: 1230:  }
        -: 1231:
        -: 1232:  int __cdecl fwprintf(FILE * __restrict__ _File,const wchar_t * __restrict__ _Format,...);
        -: 1233:  __mingw_ovr
        -: 1234:  int __cdecl wprintf(const wchar_t * __restrict__ _Format,...)
        -: 1235:  {
        -: 1236:    __builtin_va_list __ap;
        -: 1237:    int __ret;
        -: 1238:    __builtin_va_start(__ap, _Format);
        -: 1239:    __ret = __stdio_common_vfwprintf(_CRT_INTERNAL_LOCAL_PRINTF_OPTIONS, stdout, _Format, NULL, __ap);
        -: 1240:    __builtin_va_end(__ap);
        -: 1241:    return __ret;
        -: 1242:  }
        -: 1243:  __mingw_ovr
        -: 1244:  int __cdecl vfwprintf(FILE * __restrict__ _File,const wchar_t * __restrict__ _Format,va_list _ArgList)
        -: 1245:  {
        -: 1246:    return __stdio_common_vfwprintf(_CRT_INTERNAL_LOCAL_PRINTF_OPTIONS, _File, _Format, NULL, _ArgList);
        -: 1247:  }
        -: 1248:  __mingw_ovr
        -: 1249:  int __cdecl vwprintf(const wchar_t * __restrict__ _Format,va_list _ArgList)
        -: 1250:  {
        -: 1251:    return __stdio_common_vfwprintf(_CRT_INTERNAL_LOCAL_PRINTF_OPTIONS, stdout, _Format, NULL, _ArgList);
        -: 1252:  }
        -: 1253:#else
        -: 1254:
        -: 1255:  int __cdecl fwscanf(FILE * __restrict__ _File,const wchar_t * __restrict__ _Format,...) __MINGW_ATTRIB_DEPRECATED_SEC_WARN;
        -: 1256:  int __cdecl swscanf(const wchar_t * __restrict__ _Src,const wchar_t * __restrict__ _Format,...) __MINGW_ATTRIB_DEPRECATED_SEC_WARN;
        -: 1257:  int __cdecl wscanf(const wchar_t * __restrict__ _Format,...) __MINGW_ATTRIB_DEPRECATED_SEC_WARN;
        -: 1258:#ifndef __NO_ISOCEXT  /* externs in libmingwex.a */
        -: 1259:  int __cdecl __ms_vwscanf (const wchar_t * __restrict__ , va_list);
        -: 1260:  int __cdecl __ms_vfwscanf (FILE * __restrict__ ,const wchar_t * __restrict__ ,va_list);
        -: 1261:  int __cdecl __ms_vswscanf (const wchar_t * __restrict__ ,const wchar_t * __restrict__ ,va_list);
        -: 1262:
        -: 1263:  __mingw_ovr
        -: 1264:  __MINGW_ATTRIB_NONNULL(2)
        -: 1265:  int vfwscanf (FILE *__stream,  const wchar_t *__format, __builtin_va_list __local_argv)
        -: 1266:  {
        -: 1267:    return __ms_vfwscanf (__stream, __format, __local_argv);
        -: 1268:  }
        -: 1269:
        -: 1270:  __mingw_ovr
        -: 1271:  __MINGW_ATTRIB_NONNULL(2)
        -: 1272:  int vswscanf (const wchar_t * __restrict__ __source, const wchar_t * __restrict__ __format, __builtin_va_list __local_argv)
        -: 1273:  {
        -: 1274:    return __ms_vswscanf( __source, __format, __local_argv );
        -: 1275:  }
        -: 1276:  __mingw_ovr
        -: 1277:  __MINGW_ATTRIB_NONNULL(1)
        -: 1278:  int vwscanf(const wchar_t *__format,  __builtin_va_list __local_argv)
        -: 1279:  {
        -: 1280:    return __ms_vwscanf (__format, __local_argv);
        -: 1281:  }
        -: 1282:
        -: 1283:#endif /* __NO_ISOCEXT */
        -: 1284:
        -: 1285:  int __cdecl fwprintf(FILE * __restrict__ _File,const wchar_t * __restrict__ _Format,...);
        -: 1286:  int __cdecl wprintf(const wchar_t * __restrict__ _Format,...);
        -: 1287:  int __cdecl vfwprintf(FILE * __restrict__ _File,const wchar_t * __restrict__ _Format,va_list _ArgList);
        -: 1288:  int __cdecl vwprintf(const wchar_t * __restrict__ _Format,va_list _ArgList);
        -: 1289:#endif /* _UCRT */
        -: 1290:#endif /* __USE_MINGW_ANSI_STDIO */
        -: 1291:
        -: 1292:#ifndef WEOF
        -: 1293:#define WEOF (wint_t)(0xFFFF)
        -: 1294:#endif
        -: 1295:
        -: 1296:#ifdef _POSIX_
        -: 1297:  _CRTIMP FILE *__cdecl _wfsopen(const wchar_t *_Filename,const wchar_t *_Mode);
        -: 1298:#else
        -: 1299:  _CRTIMP FILE *__cdecl _wfsopen(const wchar_t *_Filename,const wchar_t *_Mode,int _ShFlag);
        -: 1300:#endif
        -: 1301:
        -: 1302:  wint_t __cdecl fgetwc(FILE *_File);
        -: 1303:  _CRTIMP wint_t __cdecl _fgetwchar(void);
        -: 1304:  wint_t __cdecl fputwc(wchar_t _Ch,FILE *_File);
        -: 1305:  _CRTIMP wint_t __cdecl _fputwchar(wchar_t _Ch);
        -: 1306:  wint_t __cdecl getwc(FILE *_File);
        -: 1307:  wint_t __cdecl getwchar(void);
        -: 1308:  wint_t __cdecl putwc(wchar_t _Ch,FILE *_File);
        -: 1309:  wint_t __cdecl putwchar(wchar_t _Ch);
        -: 1310:  wint_t __cdecl ungetwc(wint_t _Ch,FILE *_File);
        -: 1311:  wchar_t *__cdecl fgetws(wchar_t * __restrict__ _Dst,int _SizeInWords,FILE * __restrict__ _File);
        -: 1312:  int __cdecl fputws(const wchar_t * __restrict__ _Str,FILE * __restrict__ _File);
        -: 1313:  _CRTIMP wchar_t *__cdecl _getws(wchar_t *_String) __MINGW_ATTRIB_DEPRECATED_SEC_WARN;
        -: 1314:  _CRTIMP int __cdecl _putws(const wchar_t *_Str);
        -: 1315:
        -: 1316:#ifdef _UCRT
        -: 1317:  __mingw_ovr
        -: 1318:  int __cdecl _scwprintf(const wchar_t * __restrict__ _Format,...)
        -: 1319:  {
        -: 1320:    __builtin_va_list __ap;
        -: 1321:    int __ret;
        -: 1322:    __builtin_va_start(__ap, _Format);
        -: 1323:    __ret = __stdio_common_vswprintf(_CRT_INTERNAL_LOCAL_PRINTF_OPTIONS | _CRT_INTERNAL_PRINTF_STANDARD_SNPRINTF_BEHAVIOR, NULL, 0, _Format, NULL, __ap);
        -: 1324:    __builtin_va_end(__ap);
        -: 1325:    return __ret;
        -: 1326:  }
        -: 1327:  int __cdecl _snwprintf(wchar_t * __restrict__ _Dest,size_t _Count,const wchar_t * __restrict__ _Format,...) __MINGW_ATTRIB_DEPRECATED_SEC_WARN;
        -: 1328:  int __cdecl _vsnwprintf(wchar_t * __restrict__ _Dest,size_t _Count,const wchar_t * __restrict__ _Format,va_list _Args) __MINGW_ATTRIB_DEPRECATED_SEC_WARN;
        -: 1329:
        -: 1330:#if __USE_MINGW_ANSI_STDIO == 0
        -: 1331:  __mingw_ovr
        -: 1332:  int snwprintf (wchar_t * __restrict__ s, size_t n, const wchar_t * __restrict__ format, ...)
        -: 1333:  {
        -: 1334:    __builtin_va_list __ap;
        -: 1335:    int __ret;
        -: 1336:    __builtin_va_start(__ap, format);
        -: 1337:    __ret = __stdio_common_vswprintf(_CRT_INTERNAL_LOCAL_PRINTF_OPTIONS | _CRT_INTERNAL_PRINTF_STANDARD_SNPRINTF_BEHAVIOR, s, n, format, NULL, __ap);
        -: 1338:    __builtin_va_end(__ap);
        -: 1339:    return __ret;
        -: 1340:  }
        -: 1341:  __mingw_ovr
        -: 1342:  int __cdecl vsnwprintf (wchar_t * __restrict__ s, size_t n, const wchar_t * __restrict__ format, va_list arg)
        -: 1343:  {
        -: 1344:    int __ret = __stdio_common_vswprintf(_CRT_INTERNAL_LOCAL_PRINTF_OPTIONS, s, n, format, NULL, arg);
        -: 1345:    return __ret < 0 ? -1 : __ret;
        -: 1346:  }
        -: 1347:#endif
        -: 1348:
        -: 1349:  __mingw_ovr
        -: 1350:  int __cdecl _swprintf(wchar_t * __restrict__ _Dest,const wchar_t * __restrict__ _Format,...)
        -: 1351:  {
        -: 1352:    __builtin_va_list __ap;
        -: 1353:    int __ret;
        -: 1354:    __builtin_va_start(__ap, _Format);
        -: 1355:    __ret = __stdio_common_vswprintf(_CRT_INTERNAL_LOCAL_PRINTF_OPTIONS, _Dest, (size_t)-1, _Format, NULL, __ap);
        -: 1356:    __builtin_va_end(__ap);
        -: 1357:    return __ret;
        -: 1358:  }
        -: 1359:  __mingw_ovr
        -: 1360:  int __cdecl _vswprintf(wchar_t * __restrict__ _Dest,const wchar_t * __restrict__ _Format,va_list _Args)
        -: 1361:  {
        -: 1362:    return __stdio_common_vswprintf(_CRT_INTERNAL_LOCAL_PRINTF_OPTIONS, _Dest, (size_t)-1, _Format, NULL, _Args);
        -: 1363:  }
        -: 1364:
        -: 1365:  __mingw_ovr
        -: 1366:  int __cdecl _vscwprintf(const wchar_t * __restrict__ _Format, va_list _ArgList)
        -: 1367:  {
        -: 1368:      int _Result = __stdio_common_vswprintf(_CRT_INTERNAL_PRINTF_STANDARD_SNPRINTF_BEHAVIOR, NULL, 0, _Format, NULL, _ArgList);
        -: 1369:      return _Result < 0 ? -1 : _Result;
        -: 1370:  }
        -: 1371:#else
        -: 1372:  _CRTIMP int __cdecl _scwprintf(const wchar_t * __restrict__ _Format,...);
        -: 1373:  _CRTIMP int __cdecl _swprintf_c(wchar_t * __restrict__ _DstBuf,size_t _SizeInWords,const wchar_t * __restrict__ _Format,...);
        -: 1374:  _CRTIMP int __cdecl _vswprintf_c(wchar_t * __restrict__ _DstBuf,size_t _SizeInWords,const wchar_t * __restrict__ _Format,va_list _ArgList);
        -: 1375:  _CRTIMP int __cdecl _snwprintf(wchar_t * __restrict__ _Dest,size_t _Count,const wchar_t * __restrict__ _Format,...) __MINGW_ATTRIB_DEPRECATED_SEC_WARN;
        -: 1376:  _CRTIMP int __cdecl _vsnwprintf(wchar_t * __restrict__ _Dest,size_t _Count,const wchar_t * __restrict__ _Format,va_list _Args) __MINGW_ATTRIB_DEPRECATED_SEC_WARN;
        -: 1377:  _CRTIMP int __cdecl _vscwprintf(const wchar_t * __restrict__ _Format,va_list _ArgList);
        -: 1378:
        -: 1379:#ifndef __NO_ISOCEXT  /* externs in libmingwex.a */
        -: 1380:
        -: 1381:#if __USE_MINGW_ANSI_STDIO == 0
        -: 1382:  int __cdecl __ms_snwprintf (wchar_t * __restrict__ s, size_t n, const wchar_t * __restrict__ format, ...);
        -: 1383:  int __cdecl __ms_vsnwprintf (wchar_t * __restrict__ , size_t, const wchar_t * __restrict__ , va_list);
        -: 1384:  __mingw_ovr
        -: 1385:  int snwprintf (wchar_t * __restrict__ s, size_t n, const wchar_t * __restrict__ format, ...)
        -: 1386:  {
        -: 1387:    int r;
        -: 1388:    va_list argp;
        -: 1389:    __builtin_va_start (argp, format);
        -: 1390:    r = _vsnwprintf (s, n, format, argp);
        -: 1391:    __builtin_va_end (argp);
        -: 1392:    return r;
        -: 1393:  }
        -: 1394:  __mingw_ovr
        -: 1395:  int __cdecl vsnwprintf (wchar_t * __restrict__ s, size_t n, const wchar_t * __restrict__ format, va_list arg)
        -: 1396:  {
        -: 1397:    return _vsnwprintf(s,n,format,arg);
        -: 1398:  }
        -: 1399:#endif
        -: 1400:
        -: 1401:#endif /* ! __NO_ISOCEXT */
        -: 1402:  _CRTIMP int __cdecl _swprintf(wchar_t * __restrict__ _Dest,const wchar_t * __restrict__ _Format,...);
        -: 1403:  _CRTIMP int __cdecl _vswprintf(wchar_t * __restrict__ _Dest,const wchar_t * __restrict__ _Format,va_list _Args);
        -: 1404:#endif /* _UCRT */
        -: 1405:
        -: 1406:#ifndef RC_INVOKED
        -: 1407:#include <swprintf.inl>
        -: 1408:#endif
        -: 1409:
        -: 1410:#ifdef _CRT_NON_CONFORMING_SWPRINTFS
        -: 1411:#ifndef __cplusplus
        -: 1412:#define _swprintf_l __swprintf_l
        -: 1413:#define _vswprintf_l __vswprintf_l
        -: 1414:#endif
        -: 1415:#endif
        -: 1416:
        -: 1417:  _CRTIMP wchar_t *__cdecl _wtempnam(const wchar_t *_Directory,const wchar_t *_FilePrefix);
        -: 1418:  _CRTIMP int __cdecl _snwscanf(const wchar_t * __restrict__ _Src,size_t _MaxCount,const wchar_t * __restrict__ _Format,...);
        -: 1419:  _CRTIMP FILE *__cdecl _wfdopen(int _FileHandle ,const wchar_t *_Mode);
        -: 1420:  _CRTIMP FILE *__cdecl _wfopen(const wchar_t * __restrict__ _Filename,const wchar_t *__restrict__  _Mode) __MINGW_ATTRIB_DEPRECATED_SEC_WARN;
        -: 1421:  _CRTIMP FILE *__cdecl _wfreopen(const wchar_t * __restrict__ _Filename,const wchar_t * __restrict__ _Mode,FILE * __restrict__ _OldFile) __MINGW_ATTRIB_DEPRECATED_SEC_WARN;
        -: 1422:
        -: 1423:#ifndef _CRT_WPERROR_DEFINED
        -: 1424:#define _CRT_WPERROR_DEFINED
        -: 1425:  _CRTIMP void __cdecl _wperror(const wchar_t *_ErrMsg);
        -: 1426:#endif
        -: 1427:  _CRTIMP FILE *__cdecl _wpopen(const wchar_t *_Command,const wchar_t *_Mode);
        -: 1428:#if !defined(NO_OLDNAMES) && !defined(wpopen)
        -: 1429:#define wpopen	_wpopen
        -: 1430:#endif
        -: 1431:
        -: 1432:  _CRTIMP int __cdecl _wremove(const wchar_t *_Filename);
        -: 1433:  _CRTIMP wchar_t *__cdecl _wtmpnam(wchar_t *_Buffer);
        -: 1434:#if __MSVCRT_VERSION__ >= 0x800
        -: 1435:  _CRTIMP wint_t __cdecl _fgetwc_nolock(FILE *_File);
        -: 1436:  _CRTIMP wint_t __cdecl _fputwc_nolock(wchar_t _Ch,FILE *_File);
        -: 1437:  _CRTIMP wint_t __cdecl _ungetwc_nolock(wint_t _Ch,FILE *_File);
        -: 1438:#endif
        -: 1439:
        -: 1440:#undef _CRT_GETPUTWCHAR_NOINLINE
        -: 1441:
        -: 1442:#if !defined(__cplusplus) || defined(_CRT_GETPUTWCHAR_NOINLINE) || defined (__CRT__NO_INLINE)
        -: 1443:#define getwchar() fgetwc(stdin)
        -: 1444:#define putwchar(_c) fputwc((_c),stdout)
        -: 1445:#else
        -: 1446:  __CRT_INLINE wint_t __cdecl getwchar() {return (fgetwc(stdin)); }
        -: 1447:  __CRT_INLINE wint_t __cdecl putwchar(wchar_t _C) {return (fputwc(_C,stdout)); }
        -: 1448:#endif
        -: 1449:
        -: 1450:#define getwc(_stm) fgetwc(_stm)
        -: 1451:#define putwc(_c,_stm) fputwc(_c,_stm)
        -: 1452:#if __MSVCRT_VERSION__ >= 0x800
        -: 1453:#define _putwc_nolock(_c,_stm) _fputwc_nolock(_c,_stm)
        -: 1454:#define _getwc_nolock(_c) _fgetwc_nolock(_c)
        -: 1455:#endif
        -: 1456:#endif
        -: 1457:
        -: 1458:#define _STDIO_DEFINED
        -: 1459:#endif
        -: 1460:
        -: 1461:#ifdef _UCRT
        -: 1462:  _CRTIMP int __cdecl _fgetc_nolock(FILE *_File);
        -: 1463:  _CRTIMP int __cdecl _fputc_nolock(int _Char, FILE *_File);
        -: 1464:  _CRTIMP int __cdecl _getc_nolock(FILE *_File);
        -: 1465:  _CRTIMP int __cdecl _putc_nolock(int _Char, FILE *_File);
        -: 1466:#else
        -: 1467:#define _fgetc_nolock(_stream) (--(_stream)->_cnt >= 0 ? 0xff & *(_stream)->_ptr++ : _filbuf(_stream))
        -: 1468:#define _fputc_nolock(_c,_stream) (--(_stream)->_cnt >= 0 ? 0xff & (*(_stream)->_ptr++ = (char)(_c)) : _flsbuf((_c),(_stream)))
        -: 1469:#define _getc_nolock(_stream) _fgetc_nolock(_stream)
        -: 1470:#define _putc_nolock(_c,_stream) _fputc_nolock(_c,_stream)
        -: 1471:#endif
        -: 1472:#define _getchar_nolock() _getc_nolock(stdin)
        -: 1473:#define _putchar_nolock(_c) _putc_nolock((_c),stdout)
        -: 1474:#define _getwchar_nolock() _getwc_nolock(stdin)
        -: 1475:#define _putwchar_nolock(_c) _putwc_nolock((_c),stdout)
        -: 1476:
        -: 1477:  _CRTIMP void __cdecl _lock_file(FILE *_File);
        -: 1478:  _CRTIMP void __cdecl _unlock_file(FILE *_File);
        -: 1479:#if __MSVCRT_VERSION__ >= 0x800
        -: 1480:  _CRTIMP int __cdecl _fclose_nolock(FILE *_File);
        -: 1481:  _CRTIMP int __cdecl _fflush_nolock(FILE *_File);
        -: 1482:  _CRTIMP size_t __cdecl _fread_nolock(void * __restrict__ _DstBuf,size_t _ElementSize,size_t _Count,FILE * __restrict__ _File);
        -: 1483:  _CRTIMP int __cdecl _fseek_nolock(FILE *_File,long _Offset,int _Origin);
        -: 1484:  _CRTIMP long __cdecl _ftell_nolock(FILE *_File);
        -: 1485:  __MINGW_EXTENSION _CRTIMP int __cdecl _fseeki64_nolock(FILE *_File,__int64 _Offset,int _Origin);
        -: 1486:  __MINGW_EXTENSION _CRTIMP __int64 __cdecl _ftelli64_nolock(FILE *_File);
        -: 1487:  _CRTIMP size_t __cdecl _fwrite_nolock(const void * __restrict__ _DstBuf,size_t _Size,size_t _Count,FILE * __restrict__ _File);
        -: 1488:  _CRTIMP int __cdecl _ungetc_nolock(int _Ch,FILE *_File);
        -: 1489:#endif
        -: 1490:
        -: 1491:#if !defined(NO_OLDNAMES) || !defined(_POSIX)
        -: 1492:#define P_tmpdir _P_tmpdir
        -: 1493:#define SYS_OPEN _SYS_OPEN
        -: 1494:
        -: 1495:  char *__cdecl tempnam(const char *_Directory,const char *_FilePrefix) __MINGW_ATTRIB_DEPRECATED_MSVC2005;
        -: 1496:  int __cdecl fcloseall(void) __MINGW_ATTRIB_DEPRECATED_MSVC2005;
        -: 1497:  FILE *__cdecl fdopen(int _FileHandle,const char *_Format) __MINGW_ATTRIB_DEPRECATED_MSVC2005;
        -: 1498:  int __cdecl fgetchar(void) __MINGW_ATTRIB_DEPRECATED_MSVC2005;
        -: 1499:  int __cdecl fileno(FILE *_File) __MINGW_ATTRIB_DEPRECATED_MSVC2005;
        -: 1500:  int __cdecl flushall(void) __MINGW_ATTRIB_DEPRECATED_MSVC2005;
        -: 1501:  int __cdecl fputchar(int _Ch) __MINGW_ATTRIB_DEPRECATED_MSVC2005;
        -: 1502:  int __cdecl getw(FILE *_File) __MINGW_ATTRIB_DEPRECATED_MSVC2005;
        -: 1503:  int __cdecl putw(int _Ch,FILE *_File) __MINGW_ATTRIB_DEPRECATED_MSVC2005;
        -: 1504:  int __cdecl rmtmp(void) __MINGW_ATTRIB_DEPRECATED_MSVC2005;
        -: 1505:#endif
        -: 1506:
        -: 1507:#ifndef __MINGW_MBWC_CONVERT_DEFINED
        -: 1508:#define __MINGW_MBWC_CONVERT_DEFINED
        -: 1509:
        -: 1510:/**
        -: 1511: * __mingw_str_wide_utf8
        -: 1512: * Converts a null terminated UCS-2 string to a multibyte (UTF-8) equivalent.
        -: 1513: * Caller is supposed to free allocated buffer with __mingw_str_free().
        -: 1514: * @param[in] wptr Pointer to wide string.
        -: 1515: * @param[out] mbptr Pointer to multibyte string.
        -: 1516: * @param[out] buflen Optional parameter for length of allocated buffer.
        -: 1517: * @return Number of characters converted, 0 for failure.
        -: 1518: *
        -: 1519: * WideCharToMultiByte - http://msdn.microsoft.com/en-us/library/dd374130(VS.85).aspx
        -: 1520: */
        -: 1521:int __cdecl __mingw_str_wide_utf8 (const wchar_t * const wptr, char **mbptr, size_t * buflen);
        -: 1522:
        -: 1523:/**
        -: 1524: * __mingw_str_utf8_wide
        -: 1525: * Converts a null terminated UTF-8 string to a UCS-2 equivalent.
        -: 1526: * Caller is supposed to free allocated buffer with __mingw_str_free().
        -: 1527: * @param[out] mbptr Pointer to multibyte string.
        -: 1528: * @param[in] wptr Pointer to wide string.
        -: 1529: * @param[out] buflen Optional parameter for length of allocated buffer.
        -: 1530: * @return Number of characters converted, 0 for failure.
        -: 1531: *
        -: 1532: * MultiByteToWideChar - http://msdn.microsoft.com/en-us/library/dd319072(VS.85).aspx
        -: 1533: */
        -: 1534:
        -: 1535:int __cdecl __mingw_str_utf8_wide (const char *const mbptr, wchar_t ** wptr, size_t * buflen);
        -: 1536:
        -: 1537:/**
        -: 1538: * __mingw_str_free
        -: 1539: * Frees buffer create by __mingw_str_wide_utf8 and __mingw_str_utf8_wide.
        -: 1540: * @param[in] ptr memory block to free.
        -: 1541: *
        -: 1542: */
        -: 1543:
        -: 1544:void __cdecl __mingw_str_free(void *ptr);
        -: 1545:
        -: 1546:#endif /* __MINGW_MBWC_CONVERT_DEFINED */
        -: 1547:
        -: 1548:#ifdef _CRT_USE_WINAPI_FAMILY_DESKTOP_APP
        -: 1549:#ifndef _WSPAWN_DEFINED
        -: 1550:#define _WSPAWN_DEFINED
        -: 1551:  _CRTIMP intptr_t __cdecl _wspawnl(int _Mode,const wchar_t *_Filename,const wchar_t *_ArgList,...);
        -: 1552:  _CRTIMP intptr_t __cdecl _wspawnle(int _Mode,const wchar_t *_Filename,const wchar_t *_ArgList,...);
        -: 1553:  _CRTIMP intptr_t __cdecl _wspawnlp(int _Mode,const wchar_t *_Filename,const wchar_t *_ArgList,...);
        -: 1554:  _CRTIMP intptr_t __cdecl _wspawnlpe(int _Mode,const wchar_t *_Filename,const wchar_t *_ArgList,...);
        -: 1555:  _CRTIMP intptr_t __cdecl _wspawnv(int _Mode,const wchar_t *_Filename,const wchar_t *const *_ArgList);
        -: 1556:  _CRTIMP intptr_t __cdecl _wspawnve(int _Mode,const wchar_t *_Filename,const wchar_t *const *_ArgList,const wchar_t *const *_Env);
        -: 1557:  _CRTIMP intptr_t __cdecl _wspawnvp(int _Mode,const wchar_t *_Filename,const wchar_t *const *_ArgList);
        -: 1558:  _CRTIMP intptr_t __cdecl _wspawnvpe(int _Mode,const wchar_t *_Filename,const wchar_t *const *_ArgList,const wchar_t *const *_Env);
        -: 1559:#endif
        -: 1560:
        -: 1561:#ifndef _P_WAIT
        -: 1562:#define _P_WAIT 0
        -: 1563:#define _P_NOWAIT 1
        -: 1564:#define _OLD_P_OVERLAY 2
        -: 1565:#define _P_NOWAITO 3
        -: 1566:#define _P_DETACH 4
        -: 1567:#define _P_OVERLAY 2
        -: 1568:
        -: 1569:#define _WAIT_CHILD 0
        -: 1570:#define _WAIT_GRANDCHILD 1
        -: 1571:#endif
        -: 1572:
        -: 1573:#ifndef _SPAWNV_DEFINED
        -: 1574:#define _SPAWNV_DEFINED
        -: 1575:  _CRTIMP intptr_t __cdecl _spawnv(int _Mode,const char *_Filename,const char *const *_ArgList);
        -: 1576:  _CRTIMP intptr_t __cdecl _spawnve(int _Mode,const char *_Filename,const char *const *_ArgList,const char *const *_Env);
        -: 1577:  _CRTIMP intptr_t __cdecl _spawnvp(int _Mode,const char *_Filename,const char *const *_ArgList);
        -: 1578:  _CRTIMP intptr_t __cdecl _spawnvpe(int _Mode,const char *_Filename,const char *const *_ArgList,const char *const *_Env);
        -: 1579:#endif
        -: 1580:#endif /* _CRT_USE_WINAPI_FAMILY_DESKTOP_APP */
        -: 1581:
        -: 1582:#ifdef __cplusplus
        -: 1583:}
        -: 1584:#endif
        -: 1585:
        -: 1586:#pragma pop_macro("snprintf")
        -: 1587:#pragma pop_macro("vsnprintf")
        -: 1588:#pragma pop_macro("snwprintf")
        -: 1589:#pragma pop_macro("vsnwprintf")
        -: 1590:
        -: 1591:#pragma pack(pop)
        -: 1592:
        -: 1593:#include <sec_api/stdio_s.h>
        -: 1594:
        -: 1595:#endif
