        -:    0:Source:src/backend/tests/unit/test_heap.c
        -:    0:Graph:C:\Users\yagiz\Desktop\Project\smart-maintenance-suite\build_backend_tests\test_heap-test_heap.gcno
        -:    0:Data:C:\Users\yagiz\Desktop\Project\smart-maintenance-suite\build_backend_tests\test_heap-test_heap.gcda
        -:    0:Runs:1
        -:    1:#include <stdio.h>
        -:    2:#include <assert.h>
        -:    3:#include "../../core/data_structures/heap.h"
        -:    4:
function test_heap_init called 1 returned 100% blocks executed 83%
        1:    5:void test_heap_init() {
        -:    6:  Heap h;
        1:    7:  initHeap(&h);
call    0 returned 1
       1*:    8:  assert(h.count == 0);
branch  0 taken 0 (fallthrough)
branch  1 taken 1
call    2 never executed
        1:    9:  printf("Heap Init Test Passed\n");
call    0 returned 1
        1:   10:}
        -:   11:
function test_heap_insert_extract called 1 returned 100% blocks executed 77%
        1:   12:void test_heap_insert_extract() {
        -:   13:  Heap h;
        1:   14:  initHeap(&h);
call    0 returned 1
        1:   15:  Task t1 = {1, 10, 1000};
        1:   16:  Task t2 = {2, 50, 1001}; // Higher priority
        1:   17:  Task t3 = {3, 30, 1002};
        1:   18:  insertHeap(&h, t1);
call    0 returned 1
        1:   19:  insertHeap(&h, t2);
call    0 returned 1
        1:   20:  insertHeap(&h, t3);
call    0 returned 1
       1*:   21:  assert(getHeapSize(&h) == 3);
call    0 returned 1
branch  1 taken 0 (fallthrough)
branch  2 taken 1
call    3 never executed
        -:   22:  Task out;
        -:   23:  // Should get t2 (priority 50)
       1*:   24:  assert(extractMax(&h, &out) == true);
call    0 returned 1
branch  1 taken 0 (fallthrough)
branch  2 taken 1
call    3 never executed
       1*:   25:  assert(out.id == 2);
branch  0 taken 0 (fallthrough)
branch  1 taken 1
call    2 never executed
        -:   26:  // Should get t3 (priority 30)
       1*:   27:  assert(extractMax(&h, &out) == true);
call    0 returned 1
branch  1 taken 0 (fallthrough)
branch  2 taken 1
call    3 never executed
       1*:   28:  assert(out.id == 3);
branch  0 taken 0 (fallthrough)
branch  1 taken 1
call    2 never executed
        -:   29:  // Should get t1 (priority 10)
       1*:   30:  assert(extractMax(&h, &out) == true);
call    0 returned 1
branch  1 taken 0 (fallthrough)
branch  2 taken 1
call    3 never executed
       1*:   31:  assert(out.id == 1);
branch  0 taken 0 (fallthrough)
branch  1 taken 1
call    2 never executed
       1*:   32:  assert(extractMax(&h, &out) == false);
call    0 returned 1
branch  1 taken 0 (fallthrough)
branch  2 taken 1
call    3 never executed
        1:   33:  printf("Heap Insert/Extract Test Passed\n");
call    0 returned 1
        1:   34:}
        -:   35:
function run_heap_tests called 1 returned 100% blocks executed 100%
        1:   36:void run_heap_tests() {
        1:   37:  printf("Running Heap Tests...\n");
call    0 returned 1
        1:   38:  test_heap_init();
call    0 returned 1
        1:   39:  test_heap_insert_extract();
call    0 returned 1
        1:   40:  printf("All Heap Tests Passed!\n");
call    0 returned 1
        1:   41:}
        -:   42:
function main called 1 returned 100% blocks executed 100%
        1:   43:int main() {
        1:   44:    run_heap_tests();
call    0 returned 1
        1:   45:    return 0;
        -:   46:}
