        -:    0:Source:src/backend/tests/unit/test_stack.c
        -:    0:Graph:C:\Users\yagiz\Desktop\Project\smart-maintenance-suite\build_backend_tests\test_stack-test_stack.gcno
        -:    0:Data:C:\Users\yagiz\Desktop\Project\smart-maintenance-suite\build_backend_tests\test_stack-test_stack.gcda
        -:    0:Runs:1
        -:    1:#include <stdio.h>
        -:    2:#include <assert.h>
        -:    3:#include "../../core/data_structures/stack.h"
        -:    4:
function test_stack_init called 1 returned 100% blocks executed 78%
        1:    5:void test_stack_init() {
        -:    6:  Stack s;
        1:    7:  initStack(&s);
call    0 returned 1
       1*:    8:  assert(s.top == 0);
branch  0 taken 0 (fallthrough)
branch  1 taken 1
call    2 never executed
       1*:    9:  assert(s.count == 0);
branch  0 taken 0 (fallthrough)
branch  1 taken 1
call    2 never executed
        1:   10:  printf("Stack Init Test Passed\n");
call    0 returned 1
        1:   11:}
        -:   12:
function test_stack_push_pop called 1 returned 100% blocks executed 77%
        1:   13:void test_stack_push_pop() {
        -:   14:  Stack s;
        1:   15:  initStack(&s);
call    0 returned 1
        1:   16:  Operation op1 = {1, 101, OP_FAULT_ENTRY, 0.0, "2025-01-01"};
        1:   17:  Operation op2 = {2, 102, OP_PART_REPLACEMENT, 1.0, "2025-01-02"};
        1:   18:  push(&s, op1);
call    0 returned 1
       1*:   19:  assert(getUndoCount(&s) == 1);
call    0 returned 1
branch  1 taken 0 (fallthrough)
branch  2 taken 1
call    3 never executed
        1:   20:  push(&s, op2);
call    0 returned 1
       1*:   21:  assert(getUndoCount(&s) == 2);
call    0 returned 1
branch  1 taken 0 (fallthrough)
branch  2 taken 1
call    3 never executed
        -:   22:  Operation out;
       1*:   23:  assert(pop(&s, &out) == true);
call    0 returned 1
branch  1 taken 0 (fallthrough)
branch  2 taken 1
call    3 never executed
       1*:   24:  assert(out.operation_id == 2);
branch  0 taken 0 (fallthrough)
branch  1 taken 1
call    2 never executed
       1*:   25:  assert(getUndoCount(&s) == 1);
call    0 returned 1
branch  1 taken 0 (fallthrough)
branch  2 taken 1
call    3 never executed
       1*:   26:  assert(pop(&s, &out) == true);
call    0 returned 1
branch  1 taken 0 (fallthrough)
branch  2 taken 1
call    3 never executed
       1*:   27:  assert(out.operation_id == 1);
branch  0 taken 0 (fallthrough)
branch  1 taken 1
call    2 never executed
       1*:   28:  assert(getUndoCount(&s) == 0);
call    0 returned 1
branch  1 taken 0 (fallthrough)
branch  2 taken 1
call    3 never executed
       1*:   29:  assert(pop(&s, &out) == false);
call    0 returned 1
branch  1 taken 0 (fallthrough)
branch  2 taken 1
call    3 never executed
        1:   30:  printf("Stack Push/Pop Test Passed\n");
call    0 returned 1
        1:   31:}
        -:   32:
function run_stack_tests called 1 returned 100% blocks executed 100%
        1:   33:void run_stack_tests() {
        1:   34:  printf("Running Stack Tests...\n");
call    0 returned 1
        1:   35:  test_stack_init();
call    0 returned 1
        1:   36:  test_stack_push_pop();
call    0 returned 1
        1:   37:  printf("All Stack Tests Passed!\n");
call    0 returned 1
        1:   38:}
        -:   39:
function main called 1 returned 100% blocks executed 100%
        1:   40:int main() {
        1:   41:  run_stack_tests();
call    0 returned 1
        1:   42:  return 0;
        -:   43:}
