        -:    0:Source:src/backend/tests/unit/test_queue.c
        -:    0:Graph:C:\Users\yagiz\Desktop\Project\smart-maintenance-suite\build_backend_tests\test_queue-test_queue.gcno
        -:    0:Data:C:\Users\yagiz\Desktop\Project\smart-maintenance-suite\build_backend_tests\test_queue-test_queue.gcda
        -:    0:Runs:1
        -:    1:#include <stdio.h>
        -:    2:#include <assert.h>
        -:    3:#include "../../core/data_structures/queue.h"
        -:    4:
function test_queue_init called 1 returned 100% blocks executed 75%
        1:    5:void test_queue_init() {
        -:    6:  Queue q;
        1:    7:  initQueue(&q);
call    0 returned 1
       1*:    8:  assert(q.head == 0);
branch  0 taken 0 (fallthrough)
branch  1 taken 1
call    2 never executed
       1*:    9:  assert(q.tail == 0);
branch  0 taken 0 (fallthrough)
branch  1 taken 1
call    2 never executed
       1*:   10:  assert(q.count == 0);
branch  0 taken 0 (fallthrough)
branch  1 taken 1
call    2 never executed
        1:   11:  printf("Queue Init Test Passed\n");
call    0 returned 1
        1:   12:}
        -:   13:
function test_queue_enqueue_dequeue called 1 returned 100% blocks executed 76%
        1:   14:void test_queue_enqueue_dequeue() {
        -:   15:  Queue q;
        1:   16:  initQueue(&q);
call    0 returned 1
        1:   17:  SensorData d1 = {1, 25.5, 1000};
        1:   18:  SensorData d2 = {2, 26.0, 1001};
       1*:   19:  assert(enqueue(&q, d1) == true);
call    0 returned 1
branch  1 taken 0 (fallthrough)
branch  2 taken 1
call    3 never executed
       1*:   20:  assert(getQueueSize(&q) == 1);
call    0 returned 1
branch  1 taken 0 (fallthrough)
branch  2 taken 1
call    3 never executed
       1*:   21:  assert(enqueue(&q, d2) == true);
call    0 returned 1
branch  1 taken 0 (fallthrough)
branch  2 taken 1
call    3 never executed
       1*:   22:  assert(getQueueSize(&q) == 2);
call    0 returned 1
branch  1 taken 0 (fallthrough)
branch  2 taken 1
call    3 never executed
        -:   23:  SensorData out;
       1*:   24:  assert(dequeue(&q, &out) == true);
call    0 returned 1
branch  1 taken 0 (fallthrough)
branch  2 taken 1
call    3 never executed
       1*:   25:  assert(out.sensor_id == 1);
branch  0 taken 0 (fallthrough)
branch  1 taken 1
call    2 never executed
       1*:   26:  assert(getQueueSize(&q) == 1);
call    0 returned 1
branch  1 taken 0 (fallthrough)
branch  2 taken 1
call    3 never executed
       1*:   27:  assert(dequeue(&q, &out) == true);
call    0 returned 1
branch  1 taken 0 (fallthrough)
branch  2 taken 1
call    3 never executed
       1*:   28:  assert(out.sensor_id == 2);
branch  0 taken 0 (fallthrough)
branch  1 taken 1
call    2 never executed
       1*:   29:  assert(getQueueSize(&q) == 0);
call    0 returned 1
branch  1 taken 0 (fallthrough)
branch  2 taken 1
call    3 never executed
       1*:   30:  assert(dequeue(&q, &out) == false);
call    0 returned 1
branch  1 taken 0 (fallthrough)
branch  2 taken 1
call    3 never executed
        1:   31:  printf("Queue Enqueue/Dequeue Test Passed\n");
call    0 returned 1
        1:   32:}
        -:   33:
function run_queue_tests called 1 returned 100% blocks executed 100%
        1:   34:void run_queue_tests() {
        1:   35:  printf("Running Queue Tests...\n");
call    0 returned 1
        1:   36:  test_queue_init();
call    0 returned 1
        1:   37:  test_queue_enqueue_dequeue();
call    0 returned 1
        1:   38:  printf("All Queue Tests Passed!\n");
call    0 returned 1
        1:   39:}
        -:   40:
function main called 1 returned 100% blocks executed 100%
        1:   41:int main() {
        1:   42:  run_queue_tests();
call    0 returned 1
        1:   43:  return 0;
        -:   44:}
