        -:    0:Source:src/backend/tests/unit/test_auth_handler.c
        -:    0:Graph:build_backend_tests/test_auth_handler-test_auth_handler.gcno
        -:    0:Data:build_backend_tests/test_auth_handler-test_auth_handler.gcda
        -:    0:Runs:1
        -:    1:#include "../../api/handlers/auth_handler.h"
        -:    2:#include "../../api/http_server.h"
        -:    3:#include <assert.h>
        -:    4:#include <string.h>
        -:    5:#include <stdio.h>
        -:    6:
function test_auth_handler called 1 returned 100% blocks executed 73%
        1:    7:void test_auth_handler() {
        1:    8:    HttpRequest req = {0};
        1:    9:    HttpResponse res = {0};
        -:   10:
        1:   11:    handle_auth_request(&req, &res);
call    0 returned 1
        -:   12:
       1*:   13:    assert(res.status_code == 200);
branch  0 taken 0 (fallthrough)
branch  1 taken 1
call    2 never executed
       1*:   14:    assert(strcmp(res.content_type, "application/json") == 0);
branch  0 taken 0 (fallthrough)
branch  1 taken 1
call    2 never executed
       1*:   15:    assert(strstr(res.body, "authenticated") != NULL);
branch  0 taken 0 (fallthrough)
branch  1 taken 1
call    2 never executed
       1*:   16:    assert(strstr(res.body, "admin") != NULL);
branch  0 taken 0 (fallthrough)
branch  1 taken 1
call    2 never executed
        -:   17:
        1:   18:    printf("[PASS] Auth handler\n");
call    0 returned 1
        1:   19:}
        -:   20:
function main called 1 returned 100% blocks executed 100%
        1:   21:int main() {
        1:   22:    test_auth_handler();
call    0 returned 1
        1:   23:    return 0;
        -:   24:}
