        -:    0:Source:src/backend/tests/unit/test_inventory_handler.c
        -:    0:Graph:build_backend_tests/test_inventory_handler-test_inventory_handler.gcno
        -:    0:Data:build_backend_tests/test_inventory_handler-test_inventory_handler.gcda
        -:    0:Runs:1
        -:    1:#include "../../api/handlers/inventory_handler.h"
        -:    2:#include "../../api/http_server.h"
        -:    3:#include <assert.h>
        -:    4:#include <string.h>
        -:    5:#include <stdio.h>
        -:    6:
function test_inventory_get called 1 returned 100% blocks executed 75%
        1:    7:void test_inventory_get() {
        1:    8:    HttpRequest req = {0};
        1:    9:    HttpResponse res = {0};
        -:   10:
        1:   11:    strcpy(req.method, "GET");
        -:   12:
        1:   13:    handle_inventory_request(&req, &res);
call    0 returned 1
        -:   14:
       1*:   15:    assert(res.status_code == 200);
branch  0 taken 0 (fallthrough)
branch  1 taken 1
call    2 never executed
       1*:   16:    assert(strstr(res.body, "inventory") != NULL);
branch  0 taken 0 (fallthrough)
branch  1 taken 1
call    2 never executed
        1:   17:}
        -:   18:
function test_inventory_invalid_method called 1 returned 100% blocks executed 80%
        1:   19:void test_inventory_invalid_method() {
        1:   20:    HttpRequest req = {0};
        1:   21:    HttpResponse res = {0};
        -:   22:
        1:   23:    strcpy(req.method, "POST");
        -:   24:
        1:   25:    handle_inventory_request(&req, &res);
call    0 returned 1
        -:   26:
       1*:   27:    assert(res.status_code == 405);
branch  0 taken 0 (fallthrough)
branch  1 taken 1
call    2 never executed
        1:   28:}
        -:   29:
function main called 1 returned 100% blocks executed 100%
        1:   30:int main() {
        1:   31:    test_inventory_get();
call    0 returned 1
        1:   32:    test_inventory_invalid_method();
call    0 returned 1
        1:   33:    printf("[PASS] Inventory handler\n");
call    0 returned 1
        1:   34:    return 0;
        -:   35:}
