        -:    0:Source:src/backend/tests/unit/test_bst.c
        -:    0:Graph:build_backend_tests/test_bst-test_bst.gcno
        -:    0:Data:build_backend_tests/test_bst-test_bst.gcda
        -:    0:Runs:1
        -:    1:#include <stdio.h>
        -:    2:#include <string.h>
        -:    3:#include <assert.h>
        -:    4:#include "../../core/data_structures/bst.h"
        -:    5:
function test_bst_init called 1 returned 100% blocks executed 78%
        1:    6:void test_bst_init() {
        -:    7:  BST tree;
        1:    8:  initBST(&tree);
call    0 returned 1
       1*:    9:  assert(tree.root == NULL);
branch  0 taken 0 (fallthrough)
branch  1 taken 1
call    2 never executed
       1*:   10:  assert(tree.count == 0);
branch  0 taken 0 (fallthrough)
branch  1 taken 1
call    2 never executed
        1:   11:  printf("BST Init Test Passed\n");
call    0 returned 1
        1:   12:}
        -:   13:
function test_bst_insert_search called 1 returned 100% blocks executed 74%
        1:   14:void test_bst_insert_search() {
        -:   15:  BST tree;
        1:   16:  initBST(&tree);
call    0 returned 1
        1:   17:  Machine m1 = {101, "M1", "L1", "2025-01-01", 30};
        1:   18:  Machine m2 = {100, "M2", "L2", "2025-01-02", 30};
        1:   19:  Machine m3 = {102, "M3", "L3", "2025-01-03", 30};
       1*:   20:  assert(insertMachine(&tree, m1) == true);
call    0 returned 1
branch  1 taken 0 (fallthrough)
branch  2 taken 1
call    3 never executed
       1*:   21:  assert(tree.count == 1);
branch  0 taken 0 (fallthrough)
branch  1 taken 1
call    2 never executed
       1*:   22:  assert(insertMachine(&tree, m2) == true);
call    0 returned 1
branch  1 taken 0 (fallthrough)
branch  2 taken 1
call    3 never executed
       1*:   23:  assert(tree.count == 2);
branch  0 taken 0 (fallthrough)
branch  1 taken 1
call    2 never executed
       1*:   24:  assert(insertMachine(&tree, m3) == true);
call    0 returned 1
branch  1 taken 0 (fallthrough)
branch  2 taken 1
call    3 never executed
       1*:   25:  assert(tree.count == 3);
branch  0 taken 0 (fallthrough)
branch  1 taken 1
call    2 never executed
        -:   26:  // Duplicate ID should fail
       1*:   27:  assert(insertMachine(&tree, m1) == false);
call    0 returned 1
branch  1 taken 0 (fallthrough)
branch  2 taken 1
call    3 never executed
       1*:   28:  assert(tree.count == 3);
branch  0 taken 0 (fallthrough)
branch  1 taken 1
call    2 never executed
        1:   29:  Machine *res = searchMachine(&tree, 102);
call    0 returned 1
       1*:   30:  assert(res != NULL);
branch  0 taken 0 (fallthrough)
branch  1 taken 1
call    2 never executed
       1*:   31:  assert(strcmp(res->name, "M3") == 0);
branch  0 taken 0 (fallthrough)
branch  1 taken 1
call    2 never executed
        1:   32:  res = searchMachine(&tree, 999);
call    0 returned 1
       1*:   33:  assert(res == NULL);
branch  0 taken 0 (fallthrough)
branch  1 taken 1
call    2 never executed
        1:   34:  destroyBST(&tree);
call    0 returned 1
        1:   35:  printf("BST Insert/Search Test Passed\n");
call    0 returned 1
        1:   36:}
        -:   37:
function run_bst_tests called 1 returned 100% blocks executed 100%
        1:   38:void run_bst_tests() {
        1:   39:  printf("Running BST Tests...\n");
call    0 returned 1
        1:   40:  test_bst_init();
call    0 returned 1
        1:   41:  test_bst_insert_search();
call    0 returned 1
        1:   42:  printf("All BST Tests Passed!\n");
call    0 returned 1
        1:   43:}
        -:   44:
function main called 1 returned 100% blocks executed 100%
        1:   45:int main() {
        1:   46:  run_bst_tests();
call    0 returned 1
        1:   47:  return 0;
        -:   48:}
