        -:    0:Source:src/backend/tests/integration/test_machine_module.c
        -:    0:Graph:build_backend_tests/test_machine_module_int-test_machine_module.gcno
        -:    0:Data:build_backend_tests/test_machine_module_int-test_machine_module.gcda
        -:    0:Runs:1
        -:    1:// Placeholder for Machine Module Integration Test
        -:    2:#include <stdio.h>
        -:    3:
function test_machine_module_integration called 1 returned 100% blocks executed 100%
        1:    4:void test_machine_module_integration() {
        1:    5:  printf("Machine Module Integration Test Placeholder\n");
call    0 returned 1
        1:    6:}
        -:    7:
function main called 1 returned 100% blocks executed 100%
        1:    8:int main() {
        1:    9:  test_machine_module_integration();
call    0 returned 1
        1:   10:  return 0;
        -:   11:}
