SF:/mnt/c/Users/yagiz/Desktop/Project/smart-maintenance-suite/src/smart_maintenance_suite/header/smart_maintenance_suite.h
DA:26,1
DA:34,1
DA:42,1
DA:52,1
DA:18,1
DA:12,0
DA:13,0
DA:1,1
end_of_record
SF:/mnt/c/Users/yagiz/Desktop/Project/smart-maintenance-suite/README.md
DA:1,0
end_of_record
SF:/mnt/c/Users/yagiz/Desktop/Project/smart-maintenance-suite/src/smart_maintenance_suite/src/smart_maintenance_suite.cpp
DA:1,0
end_of_record
SF:/mnt/c/Users/yagiz/Desktop/Project/smart-maintenance-suite/src/smart_maintenance_suite_app/header/smart_maintenance_suite_app.h
DA:1,1
end_of_record
SF:/mnt/c/Users/yagiz/Desktop/Project/smart-maintenance-suite/src/smart_maintenance_suite_app/src/smart_maintenance_suite_app.cpp
DA:19,0
DA:23,0
DA:31,0
DA:66,0
DA:110,0
DA:1,1
end_of_record
SF:/mnt/c/Users/yagiz/Desktop/Project/smart-maintenance-suite/docs/doxygenliblinux/xml/indexpage.xml
DA:1,1
end_of_record
