SF:C:\Users\yagiz\Desktop\Project\smart-maintenance-suite\src\tests\smart_maintenance_suite\smart_maintenance_suite_test.cpp
DA:199,0
DA:200,0
DA:201,0
DA:203,0
DA:197,0
DA:118,0
DA:119,0
DA:120,0
DA:122,0
DA:116,0
DA:17,0
DA:18,0
DA:19,0
DA:21,0
DA:14,0
DA:8,0
DA:1,0
DA:26,0
DA:31,0
DA:36,0
DA:42,0
DA:47,0
DA:52,0
DA:57,0
DA:63,0
DA:68,0
DA:75,0
DA:82,0
DA:88,0
DA:92,0
DA:97,0
DA:102,0
DA:107,0
DA:129,0
DA:137,0
DA:144,0
DA:151,0
DA:156,0
DA:163,0
DA:168,0
DA:173,0
DA:178,0
DA:183,0
DA:188,0
DA:210,0
DA:215,0
DA:222,0
DA:227,0
DA:232,0
DA:241,0
DA:246,0
DA:251,0
DA:260,0
end_of_record
SF:C:\Users\yagiz\Desktop\Project\smart-maintenance-suite\[generated]
DA:1,0
end_of_record
SF:C:\Users\yagiz\Desktop\Project\smart-maintenance-suite\README.md
DA:1,0
end_of_record
