TN:
SF:src\App.js
FN:13,Dashboard
FN:19,syncWithBackend
FN:61,onClick
FN:67,onClick
FN:73,onClick
FN:79,onClick
FN:85,onClick
FN:131,StatTile
FN:140,App
FN:150,handleLogin
FN:154,handleLogout
FNF:11
FNH:7
FNDA:15,Dashboard
FNDA:5,syncWithBackend
FNDA:1,onClick
FNDA:0,onClick
FNDA:0,onClick
FNDA:0,onClick
FNDA:1,onClick
FNDA:60,StatTile
FNDA:12,App
FNDA:0,handleLogin
FNDA:1,handleLogout
DA:1,1
DA:2,1
DA:3,1
DA:4,1
DA:5,1
DA:6,1
DA:7,1
DA:8,1
DA:9,1
DA:10,1
DA:11,1
DA:12,1
DA:13,15
DA:14,15
DA:15,15
DA:16,15
DA:17,15
DA:18,15
DA:19,15
DA:20,5
DA:21,5
DA:22,5
DA:23,5
DA:24,5
DA:25,5
DA:26,5
DA:27,5
DA:28,2
DA:29,2
DA:30,2
DA:31,2
DA:32,2
DA:33,2
DA:34,5
DA:35,5
DA:36,5
DA:37,5
DA:38,5
DA:39,5
DA:40,5
DA:41,3
DA:42,5
DA:43,5
DA:44,5
DA:45,5
DA:46,15
DA:47,15
DA:48,5
DA:49,5
DA:50,5
DA:51,15
DA:52,15
DA:53,15
DA:54,15
DA:55,15
DA:56,15
DA:57,15
DA:58,15
DA:59,3
DA:60,3
DA:61,3
DA:62,3
DA:63,3
DA:64,3
DA:65,3
DA:66,3
DA:67,3
DA:68,3
DA:69,3
DA:70,3
DA:71,3
DA:72,3
DA:73,3
DA:74,3
DA:75,3
DA:76,3
DA:77,3
DA:78,3
DA:79,3
DA:80,3
DA:81,3
DA:82,3
DA:83,3
DA:84,3
DA:85,3
DA:86,3
DA:87,3
DA:88,3
DA:89,3
DA:90,3
DA:91,15
DA:92,15
DA:93,15
DA:94,15
DA:95,15
DA:96,15
DA:97,15
DA:98,15
DA:99,15
DA:100,15
DA:101,15
DA:102,15
DA:103,15
DA:104,15
DA:105,15
DA:106,15
DA:107,15
DA:108,15
DA:109,15
DA:110,15
DA:111,15
DA:112,15
DA:113,15
DA:114,15
DA:115,15
DA:116,15
DA:117,15
DA:118,15
DA:119,15
DA:120,15
DA:121,15
DA:122,15
DA:123,15
DA:124,15
DA:125,15
DA:126,15
DA:127,15
DA:128,15
DA:129,15
DA:130,1
DA:131,60
DA:132,60
DA:133,60
DA:134,60
DA:135,60
DA:136,60
DA:137,60
DA:138,60
DA:139,1
DA:140,12
DA:141,12
DA:142,12
DA:143,12
DA:144,6
DA:145,6
DA:146,5
DA:147,5
DA:148,12
DA:149,12
DA:150,12
DA:151,0
DA:152,0
DA:153,12
DA:154,12
DA:155,1
DA:156,1
DA:157,1
DA:158,12
DA:159,12
DA:160,12
DA:161,12
DA:162,7
DA:163,5
DA:164,5
DA:165,5
DA:166,5
DA:167,5
DA:168,5
DA:169,5
DA:170,5
DA:171,5
DA:172,5
DA:173,5
DA:174,5
DA:175,12
DA:176,12
DA:177,12
DA:178,12
DA:179,1
DA:180,1
LF:180
LH:178
BRDA:13,0,0,15
BRDA:58,1,0,3
BRDA:113,2,0,5
BRDA:121,3,0,12
BRDA:19,4,0,5
BRDA:27,5,0,2
BRDA:34,6,0,0
BRDA:35,7,0,0
BRDA:36,8,0,0
BRDA:37,9,0,0
BRDA:40,10,0,3
BRDA:47,11,0,5
BRDA:50,12,0,5
BRDA:61,13,0,1
BRDA:85,14,0,1
BRDA:131,15,0,60
BRDA:140,16,0,12
BRDA:161,17,0,7
BRDA:162,18,0,5
BRDA:143,19,0,6
BRDA:145,20,0,5
BRDA:154,21,0,1
BRF:22
BRH:18
end_of_record
TN:
SF:src\components\AlertsPanel.js
FN:5,AlertsPanel
FNF:1
FNH:1
FNDA:18,AlertsPanel
DA:1,1
DA:2,1
DA:3,1
DA:4,1
DA:5,1
DA:6,18
DA:7,18
DA:8,18
DA:9,18
DA:10,18
DA:11,18
DA:12,18
DA:13,18
DA:14,18
DA:15,18
DA:16,18
DA:17,3
DA:18,3
DA:19,3
DA:20,3
DA:21,3
DA:22,3
DA:23,3
DA:24,3
DA:25,3
DA:26,2
DA:27,1
DA:28,1
DA:29,3
DA:30,3
DA:31,3
DA:32,3
DA:33,3
DA:34,3
DA:35,3
DA:36,3
DA:37,3
DA:38,3
DA:39,3
DA:40,3
DA:41,3
DA:42,3
DA:43,3
DA:44,3
DA:45,18
DA:46,18
DA:47,18
DA:48,18
DA:49,18
LF:49
LH:49
BRDA:5,0,0,18
BRDA:16,1,0,3
BRDA:20,2,0,2
BRDA:20,3,0,1
BRDA:21,4,0,2
BRDA:21,5,0,1
BRDA:25,6,0,2
BRDA:26,7,0,1
BRDA:33,8,0,2
BRDA:33,9,0,1
BRF:10
BRH:10
end_of_record
TN:
SF:src\components\AnalyticsPanel.js
FN:10,AnalyticsPanel
FNF:1
FNH:1
FNDA:17,AnalyticsPanel
DA:1,1
DA:2,1
DA:3,1
DA:4,1
DA:5,1
DA:6,1
DA:7,1
DA:8,1
DA:9,1
DA:10,1
DA:11,17
DA:12,17
DA:13,17
DA:14,17
DA:15,2
DA:16,2
DA:17,2
DA:18,17
DA:19,17
DA:20,17
DA:21,2
DA:22,2
DA:23,17
DA:24,17
DA:25,17
DA:26,17
DA:27,1
DA:28,1
DA:29,1
DA:30,17
DA:31,17
DA:32,17
DA:33,17
DA:34,17
DA:35,17
DA:36,17
DA:37,17
DA:38,17
DA:39,17
DA:40,17
DA:41,17
DA:42,17
DA:43,17
DA:44,17
DA:45,17
DA:46,17
DA:47,17
DA:48,17
DA:49,17
DA:50,2
DA:51,17
DA:52,17
DA:53,17
DA:54,17
DA:55,17
DA:56,17
DA:57,17
DA:58,17
DA:59,17
DA:60,17
DA:61,17
DA:62,17
DA:63,17
DA:64,17
DA:65,17
DA:66,17
DA:67,17
DA:68,17
DA:69,17
DA:70,17
DA:71,17
DA:72,17
DA:73,17
DA:74,17
DA:75,17
DA:76,17
DA:77,17
DA:78,17
DA:79,17
DA:80,17
DA:81,17
DA:82,17
DA:83,17
LF:83
LH:83
BRDA:10,0,0,17
BRDA:14,1,0,2
BRDA:20,2,0,2
BRDA:26,3,0,1
BRDA:49,4,0,2
BRF:5
BRH:5
end_of_record
TN:
SF:src\components\Header.js
FN:4,WelcomeMessage
FN:25,Header
FNF:2
FNH:2
FNDA:18,WelcomeMessage
FNDA:17,Header
DA:1,1
DA:2,1
DA:3,1
DA:4,1
DA:5,18
DA:6,18
DA:7,18
DA:8,7
DA:9,7
DA:10,18
DA:11,18
DA:12,18
DA:13,18
DA:14,18
DA:15,18
DA:16,18
DA:17,18
DA:18,18
DA:19,18
DA:20,18
DA:21,18
DA:22,18
DA:23,18
DA:24,1
DA:25,1
DA:26,17
DA:27,17
DA:28,17
DA:29,17
DA:30,17
DA:31,17
DA:32,17
DA:33,17
DA:34,17
DA:35,17
DA:36,17
DA:37,17
DA:38,17
DA:39,17
DA:40,17
DA:41,17
DA:42,17
DA:43,17
DA:44,17
DA:45,17
DA:46,17
DA:47,17
DA:48,17
DA:49,17
DA:50,17
DA:51,17
DA:52,17
DA:53,17
DA:54,17
DA:55,17
DA:56,17
DA:57,17
DA:58,17
DA:59,17
DA:60,17
DA:61,17
DA:62,17
DA:63,17
DA:64,17
DA:65,17
DA:66,17
DA:67,17
DA:68,17
DA:69,17
DA:70,17
DA:71,17
DA:72,17
DA:73,17
DA:74,17
DA:75,17
DA:76,17
DA:77,17
DA:78,17
DA:79,17
DA:80,17
DA:81,17
DA:82,1
DA:83,1
LF:83
LH:83
BRDA:4,0,0,18
BRDA:7,1,0,7
BRDA:8,2,0,1
BRDA:9,3,0,7
BRDA:25,4,0,17
BRDA:26,5,0,16
BRDA:27,6,0,10
BRF:7
BRH:7
end_of_record
TN:
SF:src\components\InventoryPanel.js
FN:5,InventoryPanel
FNF:1
FNH:1
FNDA:17,InventoryPanel
DA:1,1
DA:2,1
DA:3,1
DA:4,1
DA:5,1
DA:6,17
DA:7,17
DA:8,17
DA:9,17
DA:10,17
DA:11,17
DA:12,17
DA:13,17
DA:14,17
DA:15,17
DA:16,17
DA:17,1
DA:18,1
DA:19,1
DA:20,1
DA:21,1
DA:22,1
DA:23,1
DA:24,1
DA:25,1
DA:26,1
DA:27,1
DA:28,1
DA:29,1
DA:30,1
DA:31,1
DA:32,1
DA:33,1
DA:34,1
DA:35,1
DA:36,1
DA:37,1
DA:38,1
DA:39,1
DA:40,1
DA:41,1
DA:42,1
DA:43,1
DA:44,1
DA:45,1
DA:46,1
DA:47,1
DA:48,1
DA:49,17
DA:50,17
DA:51,17
DA:52,17
DA:53,17
LF:53
LH:53
BRDA:5,0,0,17
BRDA:16,1,0,1
BRDA:23,2,0,0
BRDA:38,3,0,0
BRDA:43,4,0,0
BRF:5
BRH:2
end_of_record
TN:
SF:src\components\LoginPage.js
FN:4,LoginPage
FN:10,handleSubmit
FN:50,onChange
FN:61,onChange
FNF:4
FNH:4
FNDA:24,LoginPage
FNDA:3,handleSubmit
FNDA:4,onChange
FNDA:3,onChange
DA:1,1
DA:2,1
DA:3,1
DA:4,1
DA:5,24
DA:6,24
DA:7,24
DA:8,24
DA:9,24
DA:10,24
DA:11,3
DA:12,3
DA:13,3
DA:14,3
DA:15,3
DA:16,3
DA:17,3
DA:18,3
DA:19,2
DA:20,2
DA:21,3
DA:22,1
DA:23,1
DA:24,1
DA:25,1
DA:26,1
DA:27,1
DA:28,1
DA:29,1
DA:30,1
DA:31,3
DA:32,1
DA:33,3
DA:34,3
DA:35,3
DA:36,3
DA:37,24
DA:38,24
DA:39,24
DA:40,24
DA:41,24
DA:42,24
DA:43,24
DA:44,24
DA:45,24
DA:46,24
DA:47,24
DA:48,24
DA:49,24
DA:50,24
DA:51,24
DA:52,24
DA:53,24
DA:54,24
DA:55,24
DA:56,24
DA:57,24
DA:58,24
DA:59,24
DA:60,24
DA:61,24
DA:62,24
DA:63,24
DA:64,24
DA:65,24
DA:66,24
DA:67,24
DA:68,24
DA:69,24
DA:70,24
DA:71,24
DA:72,24
DA:73,24
DA:74,24
DA:75,24
DA:76,24
DA:77,1
DA:78,1
LF:78
LH:78
BRDA:4,0,0,24
BRDA:68,1,0,3
BRDA:68,2,0,21
BRDA:71,3,0,2
BRDA:10,4,0,3
BRDA:18,5,0,2
BRDA:21,6,0,1
BRDA:31,7,0,1
BRDA:50,8,0,4
BRDA:61,9,0,3
BRF:10
BRH:10
end_of_record
TN:
SF:src\components\MachineList.js
FN:5,MachineList
FN:26,onChange
FN:33,onClick
FN:58,MachineCard
FN:64,toggleSensors
FN:115,onClick
FNF:6
FNH:6
FNDA:24,MachineList
FNDA:1,onChange
FNDA:1,onClick
FNDA:14,MachineCard
FNDA:2,toggleSensors
FNDA:1,onClick
DA:1,1
DA:2,1
DA:3,1
DA:4,1
DA:5,1
DA:6,24
DA:7,24
DA:8,24
DA:9,24
DA:10,24
DA:11,24
DA:12,24
DA:13,24
DA:14,24
DA:15,23
DA:16,1
DA:17,24
DA:18,24
DA:19,24
DA:20,24
DA:21,24
DA:22,24
DA:23,24
DA:24,24
DA:25,24
DA:26,24
DA:27,24
DA:28,24
DA:29,24
DA:30,24
DA:31,96
DA:32,96
DA:33,96
DA:34,96
DA:35,96
DA:36,96
DA:37,96
DA:38,96
DA:39,96
DA:40,96
DA:41,96
DA:42,96
DA:43,96
DA:44,96
DA:45,24
DA:46,24
DA:47,24
DA:48,24
DA:49,24
DA:50,24
DA:51,10
DA:52,24
DA:53,24
DA:54,24
DA:55,24
DA:56,24
DA:57,1
DA:58,14
DA:59,14
DA:60,14
DA:61,14
DA:62,14
DA:63,14
DA:64,14
DA:65,2
DA:66,2
DA:67,2
DA:68,2
DA:69,1
DA:70,1
DA:71,1
DA:72,1
DA:73,2
DA:74,2
DA:75,2
DA:76,2
DA:77,2
DA:78,2
DA:79,14
DA:80,14
DA:81,14
DA:82,14
DA:83,14
DA:84,14
DA:85,14
DA:86,14
DA:87,14
DA:88,14
DA:89,14
DA:90,14
DA:91,14
DA:92,14
DA:93,14
DA:94,14
DA:95,14
DA:96,14
DA:97,14
DA:98,14
DA:99,14
DA:100,14
DA:101,14
DA:102,14
DA:103,14
DA:104,14
DA:105,14
DA:106,14
DA:107,14
DA:108,14
DA:109,14
DA:110,14
DA:111,14
DA:112,14
DA:113,14
DA:114,1
DA:115,1
DA:116,1
DA:117,1
DA:118,1
DA:119,1
DA:120,14
DA:121,14
DA:122,14
DA:123,14
DA:124,14
DA:125,14
DA:126,2
DA:127,2
DA:128,2
DA:129,0
DA:130,2
DA:131,1
DA:132,1
DA:133,1
DA:134,1
DA:135,1
DA:136,1
DA:137,1
DA:138,1
DA:139,1
DA:140,1
DA:141,2
DA:142,2
DA:143,14
DA:144,14
DA:145,14
DA:146,14
LF:146
LH:145
BRDA:5,0,0,24
BRDA:14,1,0,23
BRDA:15,2,0,1
BRDA:16,3,0,2
BRDA:26,4,0,1
BRDA:30,5,0,96
BRDA:36,6,0,24
BRDA:36,7,0,72
BRDA:37,8,0,24
BRDA:37,9,0,72
BRDA:33,10,0,1
BRDA:50,11,0,10
BRDA:58,12,0,14
BRDA:86,13,0,0
BRDA:86,14,0,0
BRDA:98,15,0,0
BRDA:99,16,0,0
BRDA:111,17,0,2
BRDA:111,18,0,12
BRDA:113,19,0,1
BRDA:125,20,0,2
BRDA:128,21,0,0
BRDA:130,22,0,1
BRDA:138,23,0,1
BRDA:64,24,0,2
BRDA:68,25,0,1
BRDA:115,26,0,1
BRDA:132,27,0,1
BRF:28
BRH:23
end_of_record
TN:
SF:src\components\MaintenanceForm.js
FN:4,MaintenanceForm
FN:13,handleSubmit
FN:42,onChange
FN:58,onChange
FNF:4
FNH:3
FNDA:19,MaintenanceForm
FNDA:2,handleSubmit
FNDA:2,onChange
FNDA:0,onChange
DA:1,1
DA:2,1
DA:3,1
DA:4,1
DA:5,19
DA:6,19
DA:7,19
DA:8,19
DA:9,19
DA:10,19
DA:11,19
DA:12,19
DA:13,19
DA:14,2
DA:15,2
DA:16,1
DA:17,1
DA:18,1
DA:19,1
DA:20,1
DA:21,1
DA:22,1
DA:23,1
DA:24,1
DA:25,1
DA:26,1
DA:27,1
DA:28,1
DA:29,2
DA:30,19
DA:31,19
DA:32,19
DA:33,19
DA:34,19
DA:35,19
DA:36,19
DA:37,19
DA:38,19
DA:39,19
DA:40,19
DA:41,19
DA:42,19
DA:43,19
DA:44,19
DA:45,19
DA:46,19
DA:47,19
DA:48,19
DA:49,19
DA:50,19
DA:51,19
DA:52,19
DA:53,19
DA:54,19
DA:55,19
DA:56,19
DA:57,19
DA:58,19
DA:59,19
DA:60,19
DA:61,19
DA:62,19
DA:63,19
DA:64,19
DA:65,19
DA:66,19
DA:67,19
DA:68,19
DA:69,19
DA:70,19
DA:71,19
DA:72,19
DA:73,19
DA:74,19
DA:75,19
DA:76,19
DA:77,19
DA:78,19
DA:79,19
DA:80,19
LF:80
LH:80
BRDA:4,0,0,19
BRDA:13,1,0,2
BRDA:15,2,0,1
BRDA:42,3,0,2
BRF:4
BRH:4
end_of_record
TN:
SF:src\components\MaintenanceHistory.js
FN:5,MaintenanceHistory
FNF:1
FNH:1
FNDA:17,MaintenanceHistory
DA:1,1
DA:2,1
DA:3,1
DA:4,1
DA:5,1
DA:6,17
DA:7,17
DA:8,17
DA:9,17
DA:10,17
DA:11,17
DA:12,17
DA:13,17
DA:14,17
DA:15,17
DA:16,17
DA:17,1
DA:18,1
DA:19,1
DA:20,1
DA:21,1
DA:22,1
DA:23,1
DA:24,1
DA:25,1
DA:26,1
DA:27,1
DA:28,1
DA:29,1
DA:30,1
DA:31,1
DA:32,1
DA:33,1
DA:34,1
DA:35,1
DA:36,1
DA:37,1
DA:38,1
DA:39,1
DA:40,1
DA:41,1
DA:42,1
DA:43,1
DA:44,16
DA:45,16
DA:46,17
DA:47,17
DA:48,17
DA:49,17
DA:50,17
LF:50
LH:50
BRDA:5,0,0,17
BRDA:16,1,0,0
BRDA:16,2,0,1
BRDA:43,3,0,16
BRDA:17,4,0,1
BRF:5
BRH:4
end_of_record
TN:
SF:src\components\StatusCard.js
FN:4,StatusCard
FNF:1
FNH:1
FNDA:2,StatusCard
DA:1,1
DA:2,1
DA:3,1
DA:4,1
DA:5,2
DA:6,2
DA:7,2
DA:8,2
DA:9,2
DA:10,2
DA:11,2
DA:12,2
DA:13,2
DA:14,2
DA:15,2
DA:16,2
DA:17,2
DA:18,2
DA:19,2
DA:20,2
DA:21,2
DA:22,2
DA:23,2
DA:24,2
DA:25,0
DA:26,0
DA:27,0
DA:28,2
DA:29,2
DA:30,2
DA:31,2
DA:32,2
DA:33,2
DA:34,2
DA:35,0
DA:36,0
DA:37,0
DA:38,0
DA:39,0
DA:40,0
DA:41,0
DA:42,0
DA:43,0
DA:44,0
DA:45,0
DA:46,0
DA:47,0
DA:48,0
DA:49,0
DA:50,0
DA:51,2
DA:52,2
DA:53,2
DA:54,2
DA:55,2
DA:56,2
DA:57,2
DA:58,2
LF:58
LH:39
BRDA:4,0,0,2
BRDA:5,1,0,0
BRDA:24,2,0,0
BRDA:34,3,0,0
BRF:4
BRH:1
end_of_record
TN:
SF:src\context\MaintenanceContext.js
FN:5,maintenanceReducer
FN:42,MaintenanceProvider
FN:55,useMaintenance
FN:59,useMaintenanceDispatch
FNF:4
FNH:4
FNDA:11,maintenanceReducer
FNDA:24,MaintenanceProvider
FNDA:112,useMaintenance
FNDA:47,useMaintenanceDispatch
DA:1,1
DA:2,1
DA:3,1
DA:4,1
DA:5,1
DA:6,11
DA:7,11
DA:8,0
DA:9,11
DA:10,2
DA:11,11
DA:12,2
DA:13,11
DA:14,2
DA:15,11
DA:16,2
DA:17,11
DA:18,2
DA:19,11
DA:20,0
DA:21,11
DA:22,1
DA:23,11
DA:24,0
DA:25,11
DA:26,11
DA:27,1
DA:28,1
DA:29,1
DA:30,1
DA:31,1
DA:32,1
DA:33,1
DA:34,1
DA:35,1
DA:36,1
DA:37,1
DA:38,1
DA:39,1
DA:40,1
DA:41,1
DA:42,1
DA:43,24
DA:44,24
DA:45,24
DA:46,24
DA:47,24
DA:48,24
DA:49,24
DA:50,24
DA:51,24
DA:52,24
DA:53,1
DA:54,1
DA:55,1
DA:56,112
DA:57,112
DA:58,1
DA:59,1
DA:60,47
DA:61,47
LF:61
LH:58
BRDA:5,0,0,11
BRDA:7,1,0,0
BRDA:9,2,0,2
BRDA:11,3,0,2
BRDA:13,4,0,2
BRDA:15,5,0,2
BRDA:17,6,0,2
BRDA:19,7,0,0
BRDA:21,8,0,1
BRDA:23,9,0,0
BRDA:22,10,0,1
BRDA:42,11,0,24
BRDA:55,12,0,112
BRDA:59,13,0,47
BRF:14
BRH:11
end_of_record
TN:
SF:src\context\useHooks.js
FN:6,useMachineStats
FN:31,useSystemClock
FN:48,useLiveSearch
FNF:3
FNH:2
FNDA:16,useMachineStats
FNDA:0,useSystemClock
FNDA:26,useLiveSearch
DA:1,1
DA:2,1
DA:3,1
DA:4,1
DA:5,1
DA:6,1
DA:7,16
DA:8,16
DA:9,16
DA:10,16
DA:11,8
DA:12,8
DA:13,8
DA:14,8
DA:15,8
DA:16,8
DA:17,8
DA:18,8
DA:19,8
DA:20,8
DA:21,8
DA:22,8
DA:23,8
DA:24,16
DA:25,16
DA:26,16
DA:27,16
DA:28,1
DA:29,1
DA:30,1
DA:31,1
DA:32,0
DA:33,0
DA:34,0
DA:35,0
DA:36,0
DA:37,0
DA:38,0
DA:39,0
DA:40,0
DA:41,0
DA:42,0
DA:43,0
DA:44,0
DA:45,1
DA:46,1
DA:47,1
DA:48,1
DA:49,26
DA:50,26
DA:51,26
DA:52,17
DA:53,2
DA:54,4
DA:55,2
DA:56,26
DA:57,26
DA:58,26
DA:59,26
LF:59
LH:46
BRDA:6,0,0,16
BRDA:10,1,0,8
BRDA:22,2,0,0
BRDA:48,3,0,26
BRDA:51,4,0,17
BRDA:52,5,0,16
BRDA:52,6,0,15
BRDA:52,7,0,2
BRDA:53,8,0,4
BRF:9
BRH:8
end_of_record
