SF:C:\Users\yagiz\Desktop\Project\smart-maintenance-suite\src\smart_maintenance_suite\header\smart_maintenance_suite.h
DA:29,1
DA:37,1
DA:45,1
DA:55,1
DA:20,1
DA:12,0
DA:14,0
DA:1,0
end_of_record
SF:C:\Users\yagiz\Desktop\Project\smart-maintenance-suite\README.md
DA:1,0
end_of_record
SF:C:\Users\yagiz\Desktop\Project\smart-maintenance-suite\src\smart_maintenance_suite\src\smart_maintenance_suite.cpp
DA:1,0
end_of_record
SF:C:\Users\yagiz\Desktop\Project\smart-maintenance-suite\src\smart_maintenance_suite_app\header\smart_maintenance_suite_app.h
DA:1,0
end_of_record
SF:C:\Users\yagiz\Desktop\Project\smart-maintenance-suite\src\smart_maintenance_suite_app\src\smart_maintenance_suite_app.cpp
DA:19,0
DA:23,0
DA:29,0
DA:62,0
DA:93,0
DA:1,0
end_of_record
