SF:C:\Users\yagiz\Desktop\Project\smart-maintenance-suite\src\smart_maintenance_suite\header\smart_maintenance_suite.h
DA:107,1
DA:116,1
DA:124,1
DA:98,1
DA:73,1
DA:82,1
DA:91,1
DA:64,1
DA:31,1
DA:40,1
DA:48,1
DA:57,1
DA:22,1
DA:15,0
DA:16,0
DA:1,1
end_of_record
SF:C:\Users\yagiz\Desktop\Project\smart-maintenance-suite\src\smart_maintenance_suite_app\src\smart_maintenance_suite_app.cpp
DA:25,1
DA:73,1
DA:133,1
DA:17,1
DA:196,0
DA:1,1
end_of_record
SF:C:\Users\yagiz\Desktop\Project\smart-maintenance-suite\src\smart_maintenance_suite_app\header\smart_maintenance_suite_app.h
DA:12,1
DA:1,1
end_of_record
SF:C:\Users\yagiz\Desktop\Project\smart-maintenance-suite\README.md
DA:1,0
end_of_record
SF:C:\Users\yagiz\Desktop\Project\smart-maintenance-suite\src\smart_maintenance_suite\src\smart_maintenance_suite.cpp
DA:1,1
end_of_record
